Unity Editor version:    2020.3.19f1 (68f137dc9bbe)
Branch:                  2020.3/staging
Build type:              Release
Batch mode:              YES
macOS version:           Version 10.15.7 (Build 19H1715)
Darwin version:          19.6.0
Architecture:            x86_64
Running under Rosetta:   NO
Available memory:        8192 MB
Using pre-set license
Pro License: NO

COMMAND LINE ARGUMENTS:
/Applications/2020.3.19f1/Unity.app/Contents/MacOS/Unity
-adb2
-batchMode
-noUpm
-name
AssetImportWorker17
-projectPath
/Users/kawaguchisuhama/Desktop/purogoraminng/My project (2)
-logFile
Logs/AssetImportWorker17.log
-srvPort
63899
Successfully changed project path to: /Users/kawaguchisuhama/Desktop/purogoraminng/My project (2)
/Users/kawaguchisuhama/Desktop/purogoraminng/My project (2)
Using Asset Import Pipeline V2.
Refreshing native plugins compatible for Editor in 98.40 ms, found 3 plugins.
Preloading 0 native plugins for Editor in 0.00 ms.
Initialize engine version: 2020.3.19f1 (68f137dc9bbe)
[Subsystems] Discovering subsystems at path /Applications/2020.3.19f1/Unity.app/Contents/Resources/UnitySubsystems
[Subsystems] Discovering subsystems at path /Users/kawaguchisuhama/Desktop/purogoraminng/My project (2)/Assets
GfxDevice: creating device client; threaded=0
2022-02-22 21:28:19.369 Unity[15323:664233] Color LCD preferred device: Intel HD Graphics 4000 (low power)
2022-02-22 21:28:19.369 Unity[15323:664233] Metal devices available: 1
2022-02-22 21:28:19.369 Unity[15323:664233] 0: Intel HD Graphics 4000 (low power)
2022-02-22 21:28:19.370 Unity[15323:664233] Using device Intel HD Graphics 4000 (low power)
Initializing Metal device caps: Intel HD Graphics 4000
Initialize mono
Mono path[0] = '/Applications/2020.3.19f1/Unity.app/Contents/Managed'
Mono path[1] = '/Applications/2020.3.19f1/Unity.app/Contents/MonoBleedingEdge/lib/mono/unityjit'
Mono config path = '/Applications/2020.3.19f1/Unity.app/Contents/MonoBleedingEdge/etc'
Using monoOptions --debugger-agent=transport=dt_socket,embedding=1,server=y,suspend=n,address=127.0.0.1:56323
Begin MonoManager ReloadAssembly
Registering precompiled unity dll's ...
Register platform support module: /Applications/2020.3.19f1/Unity.app/Contents/PlaybackEngines/MacStandaloneSupport/UnityEditor.OSXStandalone.Extensions.dll
Registered in 0.000690 seconds.
Native extension for OSXStandalone target not found
Refreshing native plugins compatible for Editor in 64.71 ms, found 3 plugins.
Preloading 0 native plugins for Editor in 0.00 ms.
Mono: successfully reloaded assembly
- Completed reload, in  2.308 seconds
Domain Reload Profiling:
	ReloadAssembly (2308ms)
		BeginReloadAssembly (79ms)
			ExecutionOrderSort (0ms)
			DisableScriptedObjects (0ms)
			BackupInstance (0ms)
			ReleaseScriptingObjects (0ms)
			CreateAndSetChildDomain (2ms)
		EndReloadAssembly (701ms)
			LoadAssemblies (76ms)
			RebuildTransferFunctionScriptingTraits (0ms)
			SetupTypeCache (290ms)
			ReleaseScriptCaches (0ms)
			RebuildScriptCaches (54ms)
			SetupLoadedEditorAssemblies (280ms)
				LogAssemblyErrors (0ms)
				InitializePlatformSupportModulesInManaged (5ms)
				SetLoadedEditorAssemblies (0ms)
				RefreshPlugins (65ms)
				BeforeProcessingInitializeOnLoad (36ms)
				ProcessInitializeOnLoadAttributes (132ms)
				ProcessInitializeOnLoadMethodAttributes (41ms)
				AfterProcessingInitializeOnLoad (0ms)
				EditorAssembliesLoaded (0ms)
			ExecutionOrderSort2 (0ms)
			AwakeInstancesAfterBackupRestoration (0ms)
Platform modules already initialized, skipping
Registering precompiled user dll's ...
Registered in 0.002130 seconds.
Begin MonoManager ReloadAssembly
Native extension for OSXStandalone target not found
Refreshing native plugins compatible for Editor in 64.95 ms, found 3 plugins.
Preloading 0 native plugins for Editor in 0.00 ms.
Mono: successfully reloaded assembly
- Completed reload, in  2.457 seconds
Domain Reload Profiling:
	ReloadAssembly (2514ms)
		BeginReloadAssembly (245ms)
			ExecutionOrderSort (0ms)
			DisableScriptedObjects (8ms)
			BackupInstance (0ms)
			ReleaseScriptingObjects (0ms)
			CreateAndSetChildDomain (49ms)
		EndReloadAssembly (2165ms)
			LoadAssemblies (601ms)
			RebuildTransferFunctionScriptingTraits (0ms)
			SetupTypeCache (539ms)
			ReleaseScriptCaches (1ms)
			RebuildScriptCaches (97ms)
			SetupLoadedEditorAssemblies (639ms)
				LogAssemblyErrors (0ms)
				InitializePlatformSupportModulesInManaged (5ms)
				SetLoadedEditorAssemblies (0ms)
				RefreshPlugins (65ms)
				BeforeProcessingInitializeOnLoad (107ms)
				ProcessInitializeOnLoadAttributes (434ms)
				ProcessInitializeOnLoadMethodAttributes (25ms)
				AfterProcessingInitializeOnLoad (2ms)
				EditorAssembliesLoaded (0ms)
			ExecutionOrderSort2 (0ms)
			AwakeInstancesAfterBackupRestoration (11ms)
Platform modules already initialized, skipping
Validating Project structure ... 0.284847 seconds.
Shader import version has changed; will reimport all shaders...
Upgrading shader files ...0.390861 seconds.
Application.AssetDatabase Initial Script Refresh Start
RefreshInfo: InitialScriptRefreshV2(NoUpdateAssetOptions) scanfilter:  ... 1 filters
RefreshProfiler: Total: 0.000ms
Application.AssetDatabase Initial Script Refresh End
Application.AssetDatabase.Refresh Start
Application.AssetDatabase.Refresh End
RefreshInfo: StopAssetImportingV2(ForceSynchronousImport) scanfilter: 
RefreshProfiler: Total: 0.000ms
Launching external process: /Applications/2020.3.19f1/Unity.app/Contents/Tools/UnityShaderCompiler
Launched and connected shader compiler UnityShaderCompiler after 0.12 seconds
Initializing Unity extensions:
========================================================================
Worker process is ready to serve import requests
Refreshing native plugins compatible for Editor in 0.72 ms, found 3 plugins.
Preloading 0 native plugins for Editor in 0.00 ms.
Unloading 2222 Unused Serialized files (Serialized files now loaded: 0)
System memory in use before: 214.4 MB.
System memory in use after: 213.2 MB.

Unloading 192 unused Assets to reduce memory usage. Loaded Objects now: 2712.
Total: 5.332570 ms (FindLiveObjects: 0.323787 ms CreateObjectMapping: 0.104238 ms MarkObjects: 3.852525 ms  DeleteObjects: 1.050346 ms)

AssetImportParameters requested are different than current active one (requested -> active):
  custom:video-decoder-ogg-theora: a1e56fd34408186e4bbccfd4996cb3dc -> 
  custom:container-muxer-webm: aa71ff27fc2769a1b78a27578f13a17b -> 
  custom:container-demuxer-webm: 4f35f7cbe854078d1ac9338744f61a02 -> 
  custom:container-demuxer-ogg: 62fdf1f143b41e24485cea50d1cbac27 -> 
  custom:video-encoder-webm-vp8: eb34c28f22e8b96e1ab97ce403110664 -> 
  custom:framework-osx-AVFoundation: b23960f63f64bdc6ff669e2cdcee2391 -> 
  custom:video-decoder-webm-vp8: 9c59270c3fd7afecdb556c50c9e8de78 -> 
  custom:audio-decoder-ogg-vorbis: bf7c407c2cedff20999df2af8eb42d56 -> 
  custom:audio-encoder-webm-vorbis: bf7c407c2cedff20999df2af8eb42d56 -> 
========================================================================
Received Import Request.
  path: Assets/Bierhaus_ Beer & Fries-01 2.JPG
  artifactKey: Guid(3f5134cf9259b4b529560e1a3ac0c6b1) Importer(815301076,1909f56bfc062723c751e8b465ee728b)
Start importing Assets/Bierhaus_ Beer & Fries-01 2.JPG using Guid(3f5134cf9259b4b529560e1a3ac0c6b1) Importer(815301076,1909f56bfc062723c751e8b465ee728b)  -> (artifact id: '96c24cd5b33c5991c93899a97ebfb463') in 2.468995 seconds 
  Import took 2.563011 seconds .

========================================================================
Received Prepare
Registering precompiled user dll's ...
Registered in 0.051307 seconds.
Begin MonoManager ReloadAssembly
Native extension for OSXStandalone target not found
Refreshing native plugins compatible for Editor in 0.70 ms, found 3 plugins.
Preloading 0 native plugins for Editor in 0.00 ms.
Mono: successfully reloaded assembly
- Completed reload, in  2.476 seconds
Domain Reload Profiling:
	ReloadAssembly (2476ms)
		BeginReloadAssembly (255ms)
			ExecutionOrderSort (0ms)
			DisableScriptedObjects (11ms)
			BackupInstance (0ms)
			ReleaseScriptingObjects (0ms)
			CreateAndSetChildDomain (113ms)
		EndReloadAssembly (2111ms)
			LoadAssemblies (616ms)
			RebuildTransferFunctionScriptingTraits (0ms)
			SetupTypeCache (556ms)
			ReleaseScriptCaches (1ms)
			RebuildScriptCaches (85ms)
			SetupLoadedEditorAssemblies (629ms)
				LogAssemblyErrors (0ms)
				InitializePlatformSupportModulesInManaged (9ms)
				SetLoadedEditorAssemblies (1ms)
				RefreshPlugins (1ms)
				BeforeProcessingInitializeOnLoad (183ms)
				ProcessInitializeOnLoadAttributes (423ms)
				ProcessInitializeOnLoadMethodAttributes (9ms)
				AfterProcessingInitializeOnLoad (2ms)
				EditorAssembliesLoaded (0ms)
			ExecutionOrderSort2 (0ms)
			AwakeInstancesAfterBackupRestoration (22ms)
Platform modules already initialized, skipping
Refreshing native plugins compatible for Editor in 0.94 ms, found 3 plugins.
Preloading 0 native plugins for Editor in 0.00 ms.
Unloading 2192 Unused Serialized files (Serialized files now loaded: 0)
System memory in use before: 214.5 MB.
System memory in use after: 214.2 MB.

Unloading 17 unused Assets to reduce memory usage. Loaded Objects now: 2721.
Total: 6.570855 ms (FindLiveObjects: 0.525249 ms CreateObjectMapping: 0.109651 ms MarkObjects: 5.211635 ms  DeleteObjects: 0.721358 ms)

AssetImportParameters requested are different than current active one (requested -> active):
  custom:video-decoder-ogg-theora: a1e56fd34408186e4bbccfd4996cb3dc -> 
  custom:container-muxer-webm: aa71ff27fc2769a1b78a27578f13a17b -> 
  custom:container-demuxer-webm: 4f35f7cbe854078d1ac9338744f61a02 -> 
  custom:container-demuxer-ogg: 62fdf1f143b41e24485cea50d1cbac27 -> 
  custom:video-encoder-webm-vp8: eb34c28f22e8b96e1ab97ce403110664 -> 
  custom:framework-osx-AVFoundation: b23960f63f64bdc6ff669e2cdcee2391 -> 
  custom:video-decoder-webm-vp8: 9c59270c3fd7afecdb556c50c9e8de78 -> 
  custom:audio-decoder-ogg-vorbis: bf7c407c2cedff20999df2af8eb42d56 -> 
  custom:audio-encoder-webm-vorbis: bf7c407c2cedff20999df2af8eb42d56 -> 
========================================================================
Received Import Request.
  Time since last request: 1001.219531 seconds.
  path: Assets/SampleScenes/ポテト.png
  artifactKey: Guid(ef8cd1f110f8c48daadb0ec4cf074e74) Importer(815301076,1909f56bfc062723c751e8b465ee728b)
Start importing Assets/SampleScenes/ポテト.png using Guid(ef8cd1f110f8c48daadb0ec4cf074e74) Importer(815301076,1909f56bfc062723c751e8b465ee728b)  -> (artifact id: '2a32ca2f5e3a888cd8f07cffa4a6cec5') in 0.565875 seconds 
  Import took 0.655122 seconds .

========================================================================
Received Import Request.
  Time since last request: 440.981631 seconds.
  path: Assets/favpng_french-fries-french-cuisine-logo-brand-product.png
  artifactKey: Guid(4c1ebde2e795142308788dc54adf923d) Importer(815301076,1909f56bfc062723c751e8b465ee728b)
Start importing Assets/favpng_french-fries-french-cuisine-logo-brand-product.png using Guid(4c1ebde2e795142308788dc54adf923d) Importer(815301076,1909f56bfc062723c751e8b465ee728b)  -> (artifact id: '186cc06988b763cd0a3d4c55bff1bb28') in 0.120492 seconds 
  Import took 0.182529 seconds .

========================================================================
Received Prepare
Registering precompiled user dll's ...
Registered in 0.124489 seconds.
Begin MonoManager ReloadAssembly
Native extension for OSXStandalone target not found
Refreshing native plugins compatible for Editor in 0.65 ms, found 3 plugins.
Preloading 0 native plugins for Editor in 0.00 ms.
Mono: successfully reloaded assembly
- Completed reload, in  3.251 seconds
Domain Reload Profiling:
	ReloadAssembly (3260ms)
		BeginReloadAssembly (323ms)
			ExecutionOrderSort (0ms)
			DisableScriptedObjects (15ms)
			BackupInstance (0ms)
			ReleaseScriptingObjects (0ms)
			CreateAndSetChildDomain (180ms)
		EndReloadAssembly (2780ms)
			LoadAssemblies (708ms)
			RebuildTransferFunctionScriptingTraits (0ms)
			SetupTypeCache (852ms)
			ReleaseScriptCaches (2ms)
			RebuildScriptCaches (158ms)
			SetupLoadedEditorAssemblies (717ms)
				LogAssemblyErrors (0ms)
				InitializePlatformSupportModulesInManaged (14ms)
				SetLoadedEditorAssemblies (2ms)
				RefreshPlugins (1ms)
				BeforeProcessingInitializeOnLoad (260ms)
				ProcessInitializeOnLoadAttributes (427ms)
				ProcessInitializeOnLoadMethodAttributes (11ms)
				AfterProcessingInitializeOnLoad (3ms)
				EditorAssembliesLoaded (0ms)
			ExecutionOrderSort2 (0ms)
			AwakeInstancesAfterBackupRestoration (18ms)
Platform modules already initialized, skipping
Refreshing native plugins compatible for Editor in 0.68 ms, found 3 plugins.
Preloading 0 native plugins for Editor in 0.00 ms.
Unloading 2192 Unused Serialized files (Serialized files now loaded: 0)
System memory in use before: 218.9 MB.
System memory in use after: 218.6 MB.

Unloading 16 unused Assets to reduce memory usage. Loaded Objects now: 2727.
Total: 4.214090 ms (FindLiveObjects: 0.273688 ms CreateObjectMapping: 0.090296 ms MarkObjects: 3.341036 ms  DeleteObjects: 0.507639 ms)

AssetImportParameters requested are different than current active one (requested -> active):
  custom:video-decoder-ogg-theora: a1e56fd34408186e4bbccfd4996cb3dc -> 
  custom:container-muxer-webm: aa71ff27fc2769a1b78a27578f13a17b -> 
  custom:container-demuxer-webm: 4f35f7cbe854078d1ac9338744f61a02 -> 
  custom:container-demuxer-ogg: 62fdf1f143b41e24485cea50d1cbac27 -> 
  custom:video-encoder-webm-vp8: eb34c28f22e8b96e1ab97ce403110664 -> 
  custom:framework-osx-AVFoundation: b23960f63f64bdc6ff669e2cdcee2391 -> 
  custom:video-decoder-webm-vp8: 9c59270c3fd7afecdb556c50c9e8de78 -> 
  custom:audio-decoder-ogg-vorbis: bf7c407c2cedff20999df2af8eb42d56 -> 
  custom:audio-encoder-webm-vorbis: bf7c407c2cedff20999df2af8eb42d56 -> 
========================================================================
Received Prepare
Registering precompiled user dll's ...
Registered in 0.034915 seconds.
Begin MonoManager ReloadAssembly
Native extension for OSXStandalone target not found
Refreshing native plugins compatible for Editor in 1.42 ms, found 3 plugins.
Preloading 0 native plugins for Editor in 0.00 ms.
Mono: successfully reloaded assembly
- Completed reload, in  2.764 seconds
Domain Reload Profiling:
	ReloadAssembly (2765ms)
		BeginReloadAssembly (286ms)
			ExecutionOrderSort (0ms)
			DisableScriptedObjects (16ms)
			BackupInstance (0ms)
			ReleaseScriptingObjects (0ms)
			CreateAndSetChildDomain (150ms)
		EndReloadAssembly (2316ms)
			LoadAssemblies (168ms)
			RebuildTransferFunctionScriptingTraits (0ms)
			SetupTypeCache (763ms)
			ReleaseScriptCaches (5ms)
			RebuildScriptCaches (168ms)
			SetupLoadedEditorAssemblies (850ms)
				LogAssemblyErrors (0ms)
				InitializePlatformSupportModulesInManaged (10ms)
				SetLoadedEditorAssemblies (1ms)
				RefreshPlugins (2ms)
				BeforeProcessingInitializeOnLoad (296ms)
				ProcessInitializeOnLoadAttributes (526ms)
				ProcessInitializeOnLoadMethodAttributes (12ms)
				AfterProcessingInitializeOnLoad (3ms)
				EditorAssembliesLoaded (1ms)
			ExecutionOrderSort2 (0ms)
			AwakeInstancesAfterBackupRestoration (34ms)
Platform modules already initialized, skipping
Refreshing native plugins compatible for Editor in 0.83 ms, found 3 plugins.
Preloading 0 native plugins for Editor in 0.00 ms.
Unloading 2192 Unused Serialized files (Serialized files now loaded: 0)
System memory in use before: 219.1 MB.
System memory in use after: 218.8 MB.

Unloading 16 unused Assets to reduce memory usage. Loaded Objects now: 2730.
Total: 11.387582 ms (FindLiveObjects: 0.395114 ms CreateObjectMapping: 0.138050 ms MarkObjects: 7.635142 ms  DeleteObjects: 3.216358 ms)

AssetImportParameters requested are different than current active one (requested -> active):
  custom:video-decoder-ogg-theora: a1e56fd34408186e4bbccfd4996cb3dc -> 
  custom:container-muxer-webm: aa71ff27fc2769a1b78a27578f13a17b -> 
  custom:container-demuxer-webm: 4f35f7cbe854078d1ac9338744f61a02 -> 
  custom:container-demuxer-ogg: 62fdf1f143b41e24485cea50d1cbac27 -> 
  custom:video-encoder-webm-vp8: eb34c28f22e8b96e1ab97ce403110664 -> 
  custom:framework-osx-AVFoundation: b23960f63f64bdc6ff669e2cdcee2391 -> 
  custom:video-decoder-webm-vp8: 9c59270c3fd7afecdb556c50c9e8de78 -> 
  custom:audio-decoder-ogg-vorbis: bf7c407c2cedff20999df2af8eb42d56 -> 
  custom:audio-encoder-webm-vorbis: bf7c407c2cedff20999df2af8eb42d56 -> 
========================================================================
Received Import Request.
  Time since last request: 1850.176510 seconds.
  path: Assets/TWD
  artifactKey: Guid(4376ec8fda2624e1d8ea0d5c54b06ce4) Importer(815301076,1909f56bfc062723c751e8b465ee728b)
Start importing Assets/TWD using Guid(4376ec8fda2624e1d8ea0d5c54b06ce4) Importer(815301076,1909f56bfc062723c751e8b465ee728b)  -> (artifact id: 'dc77e8d1118eac9283b4300d1f4ece55') in 0.006120 seconds 
  Import took 0.012837 seconds .

========================================================================
Received Import Request.
  Time since last request: 0.000367 seconds.
  path: Assets/TWD/background.png
  artifactKey: Guid(a093780a76b8e8c4c8b121e123d21a82) Importer(815301076,1909f56bfc062723c751e8b465ee728b)
Start importing Assets/TWD/background.png using Guid(a093780a76b8e8c4c8b121e123d21a82) Importer(815301076,1909f56bfc062723c751e8b465ee728b)  -> (artifact id: '869ba38ef73c698e565b67bf3f9e7fa0') in 0.134585 seconds 
  Import took 0.140717 seconds .

========================================================================
Received Import Request.
  Time since last request: 1.938023 seconds.
  path: Assets/TWD/FreeButtonSet
  artifactKey: Guid(3cb77df91ed7c5a49a6308febca90db2) Importer(815301076,1909f56bfc062723c751e8b465ee728b)
Start importing Assets/TWD/FreeButtonSet using Guid(3cb77df91ed7c5a49a6308febca90db2) Importer(815301076,1909f56bfc062723c751e8b465ee728b)  -> (artifact id: '34c897843b376286cbb2efa922b58f1f') in 0.004150 seconds 
  Import took 0.065271 seconds .

========================================================================
Received Import Request.
  Time since last request: 1.045030 seconds.
  path: Assets/TWD/FreeButtonSet/Fonts
  artifactKey: Guid(2dfc05083f06ebb45b2445a5f1dc41b5) Importer(815301076,1909f56bfc062723c751e8b465ee728b)
Start importing Assets/TWD/FreeButtonSet/Fonts using Guid(2dfc05083f06ebb45b2445a5f1dc41b5) Importer(815301076,1909f56bfc062723c751e8b465ee728b)  -> (artifact id: '8612e165faceacb8595ef249a2b9be58') in 0.002519 seconds 
  Import took 0.050142 seconds .

========================================================================
Received Import Request.
  Time since last request: 1.190548 seconds.
  path: Assets/TWD/FreeButtonSet/Scenes
  artifactKey: Guid(98be6b037f328b8438b72e7ffb1ee8cd) Importer(815301076,1909f56bfc062723c751e8b465ee728b)
Start importing Assets/TWD/FreeButtonSet/Scenes using Guid(98be6b037f328b8438b72e7ffb1ee8cd) Importer(815301076,1909f56bfc062723c751e8b465ee728b)  -> (artifact id: 'f9f52bc46c153ae628432f7e7bf3d1d7') in 0.088359 seconds 
  Import took 0.112105 seconds .

========================================================================
Received Import Request.
  Time since last request: 9.608914 seconds.
  path: Assets/TWD/FreeButtonSet/Textures
  artifactKey: Guid(01430914042f894489285ea62a14b761) Importer(815301076,1909f56bfc062723c751e8b465ee728b)
Start importing Assets/TWD/FreeButtonSet/Textures using Guid(01430914042f894489285ea62a14b761) Importer(815301076,1909f56bfc062723c751e8b465ee728b)  -> (artifact id: 'dc54fab401aa76d551ae49309d3c6e63') in 0.065465 seconds 
  Import took 0.072553 seconds .

========================================================================
Received Import Request.
  Time since last request: 1.726294 seconds.
  path: Assets/TWD/FreeButtonSet/Textures/buttons
  artifactKey: Guid(b0edb74aa1bc1bb468ece3102f026e61) Importer(815301076,1909f56bfc062723c751e8b465ee728b)
Start importing Assets/TWD/FreeButtonSet/Textures/buttons using Guid(b0edb74aa1bc1bb468ece3102f026e61) Importer(815301076,1909f56bfc062723c751e8b465ee728b)  -> (artifact id: 'b579426b8795c354862df558186718a5') in 0.002037 seconds 
  Import took 0.012400 seconds .

========================================================================
Received Import Request.
  Time since last request: 0.067562 seconds.
  path: Assets/TWD/FreeButtonSet/Textures/buttons/button_50.png
  artifactKey: Guid(a24331652574b3e479d00a8c0c41d820) Importer(815301076,1909f56bfc062723c751e8b465ee728b)
Start importing Assets/TWD/FreeButtonSet/Textures/buttons/button_50.png using Guid(a24331652574b3e479d00a8c0c41d820) Importer(815301076,1909f56bfc062723c751e8b465ee728b)  -> (artifact id: 'b87445872ddd5db99404afa9e335e420') in 0.014824 seconds 
  Import took 0.023816 seconds .

========================================================================
Received Import Request.
  Time since last request: 0.000335 seconds.
  path: Assets/TWD/FreeButtonSet/Textures/buttons/button_200.png
  artifactKey: Guid(970d574d72d68e744b59382781515142) Importer(815301076,1909f56bfc062723c751e8b465ee728b)
Start importing Assets/TWD/FreeButtonSet/Textures/buttons/button_200.png using Guid(970d574d72d68e744b59382781515142) Importer(815301076,1909f56bfc062723c751e8b465ee728b)  -> (artifact id: '8b4762734680c2e80e51cc3a6559c468') in 0.069177 seconds 
  Import took 0.086442 seconds .

========================================================================
Received Import Request.
  Time since last request: 0.000360 seconds.
  path: Assets/TWD/FreeButtonSet/Textures/buttons/button_50_down.png
  artifactKey: Guid(9250aeb511890d54abc18d44c5aefcf3) Importer(815301076,1909f56bfc062723c751e8b465ee728b)
Start importing Assets/TWD/FreeButtonSet/Textures/buttons/button_50_down.png using Guid(9250aeb511890d54abc18d44c5aefcf3) Importer(815301076,1909f56bfc062723c751e8b465ee728b)  -> (artifact id: '46768ca65dcd9dbfba026564afd85a1f') in 0.050054 seconds 
  Import took 0.067735 seconds .

========================================================================
Received Import Request.
  Time since last request: 0.000457 seconds.
  path: Assets/TWD/FreeButtonSet/Textures/buttons/button_100_down.png
  artifactKey: Guid(d22f8acbaa109064f9367669c5824b53) Importer(815301076,1909f56bfc062723c751e8b465ee728b)
Start importing Assets/TWD/FreeButtonSet/Textures/buttons/button_100_down.png using Guid(d22f8acbaa109064f9367669c5824b53) Importer(815301076,1909f56bfc062723c751e8b465ee728b)  -> (artifact id: 'a6f18dbb097d40feeb61c67c57d3982e') in 0.058272 seconds 
  Import took 0.063169 seconds .

========================================================================
Received Import Request.
  Time since last request: 0.000310 seconds.
  path: Assets/TWD/FreeButtonSet/Textures/buttons/button_100_hover.png
  artifactKey: Guid(1dbaad69cbe7fa04199636488c2d68bc) Importer(815301076,1909f56bfc062723c751e8b465ee728b)
Start importing Assets/TWD/FreeButtonSet/Textures/buttons/button_100_hover.png using Guid(1dbaad69cbe7fa04199636488c2d68bc) Importer(815301076,1909f56bfc062723c751e8b465ee728b)  -> (artifact id: '270f7aec382342739d7d82ac8b358f0f') in 0.079383 seconds 
  Import took 0.104351 seconds .

========================================================================
Received Import Request.
  Time since last request: 0.000467 seconds.
  path: Assets/TWD/FreeButtonSet/Textures/buttons/button_200_inactive.png
  artifactKey: Guid(691e40e3ae6c416488a007da9c5e389c) Importer(815301076,1909f56bfc062723c751e8b465ee728b)
Start importing Assets/TWD/FreeButtonSet/Textures/buttons/button_200_inactive.png using Guid(691e40e3ae6c416488a007da9c5e389c) Importer(815301076,1909f56bfc062723c751e8b465ee728b)  -> (artifact id: 'eb7c2748090d87f7e86a49c6fd23e727') in 0.022169 seconds 
  Import took 0.027598 seconds .

========================================================================
Received Import Request.
  Time since last request: 0.000387 seconds.
  path: Assets/TWD/FreeButtonSet/Textures/buttons/button_100.png
  artifactKey: Guid(de104d32a95556349875721f3a1b1e55) Importer(815301076,1909f56bfc062723c751e8b465ee728b)
Start importing Assets/TWD/FreeButtonSet/Textures/buttons/button_100.png using Guid(de104d32a95556349875721f3a1b1e55) Importer(815301076,1909f56bfc062723c751e8b465ee728b)  -> (artifact id: 'b41ac7bafd1d65fd12b642d168a2624f') in 0.052741 seconds 
  Import took 0.075998 seconds .

========================================================================
Received Import Request.
  Time since last request: 0.000408 seconds.
  path: Assets/TWD/FreeButtonSet/Textures/buttons/button_200_down.png
  artifactKey: Guid(ed169c7ef182f0e44a5d758e6a61410d) Importer(815301076,1909f56bfc062723c751e8b465ee728b)
Start importing Assets/TWD/FreeButtonSet/Textures/buttons/button_200_down.png using Guid(ed169c7ef182f0e44a5d758e6a61410d) Importer(815301076,1909f56bfc062723c751e8b465ee728b)  -> (artifact id: '1fbfeb488450840d6e427a26fa11c22a') in 0.067290 seconds 
  Import took 0.073506 seconds .

========================================================================
Received Import Request.
  Time since last request: 0.000441 seconds.
  path: Assets/TWD/FreeButtonSet/Textures/buttons/button_100_inactive.png
  artifactKey: Guid(4c451a92bf2ef6c418771224768fd42a) Importer(815301076,1909f56bfc062723c751e8b465ee728b)
Start importing Assets/TWD/FreeButtonSet/Textures/buttons/button_100_inactive.png using Guid(4c451a92bf2ef6c418771224768fd42a) Importer(815301076,1909f56bfc062723c751e8b465ee728b)  -> (artifact id: 'e6b898c2dfaa30c836e2614ab3e7f8b5') in 0.074917 seconds 
  Import took 0.098637 seconds .

========================================================================
Received Import Request.
  Time since last request: 0.013701 seconds.
  path: Assets/TWD/FreeButtonSet/Textures/buttons/button_150.png
  artifactKey: Guid(f680687cc53f0cb43b61762b1de77fd5) Importer(815301076,1909f56bfc062723c751e8b465ee728b)
Start importing Assets/TWD/FreeButtonSet/Textures/buttons/button_150.png using Guid(f680687cc53f0cb43b61762b1de77fd5) Importer(815301076,1909f56bfc062723c751e8b465ee728b)  -> (artifact id: '51ebef65dc46f750d2d93e0fc742dbc7') in 0.089699 seconds 
  Import took 0.110951 seconds .

========================================================================
Received Import Request.
  Time since last request: 0.000692 seconds.
  path: Assets/TWD/FreeButtonSet/Textures/buttons/button_200_hover.png
  artifactKey: Guid(f3a7a5cda7b04f24794559ce75cc2fcc) Importer(815301076,1909f56bfc062723c751e8b465ee728b)
Start importing Assets/TWD/FreeButtonSet/Textures/buttons/button_200_hover.png using Guid(f3a7a5cda7b04f24794559ce75cc2fcc) Importer(815301076,1909f56bfc062723c751e8b465ee728b)  -> (artifact id: 'c89cc88a0bf9fb5633ffe7c3c4414864') in 0.020364 seconds 
  Import took 0.042430 seconds .

========================================================================
Received Import Request.
  Time since last request: 0.000532 seconds.
  path: Assets/TWD/FreeButtonSet/Textures/buttons/button_50_hover.png
  artifactKey: Guid(c49dec645e591114caac11d081103cfc) Importer(815301076,1909f56bfc062723c751e8b465ee728b)
Start importing Assets/TWD/FreeButtonSet/Textures/buttons/button_50_hover.png using Guid(c49dec645e591114caac11d081103cfc) Importer(815301076,1909f56bfc062723c751e8b465ee728b)  -> (artifact id: '1e412d6c736708653068fcd96ee4a28f') in 0.017252 seconds 
  Import took 0.042795 seconds .

========================================================================
Received Import Request.
  Time since last request: 0.000439 seconds.
  path: Assets/TWD/FreeButtonSet/Textures/buttons/button_150_inactive.png
  artifactKey: Guid(6a4f3f9bc674f824e9d0b609b3f53406) Importer(815301076,1909f56bfc062723c751e8b465ee728b)
Start importing Assets/TWD/FreeButtonSet/Textures/buttons/button_150_inactive.png using Guid(6a4f3f9bc674f824e9d0b609b3f53406) Importer(815301076,1909f56bfc062723c751e8b465ee728b)  -> (artifact id: '23754e4a684354c3ef752f6ef8597c5c') in 0.074682 seconds 
  Import took 0.081929 seconds .

========================================================================
Received Import Request.
  Time since last request: 0.000342 seconds.
  path: Assets/TWD/FreeButtonSet/Textures/buttons/button_150_down.png
  artifactKey: Guid(bc559aafa1560b9478223609bf8884e9) Importer(815301076,1909f56bfc062723c751e8b465ee728b)
Start importing Assets/TWD/FreeButtonSet/Textures/buttons/button_150_down.png using Guid(bc559aafa1560b9478223609bf8884e9) Importer(815301076,1909f56bfc062723c751e8b465ee728b)  -> (artifact id: '8eceb6cde7ce16ff83215bbb64a4d6f4') in 0.049261 seconds 
  Import took 0.054785 seconds .

========================================================================
Received Import Request.
  Time since last request: 0.000810 seconds.
  path: Assets/TWD/FreeButtonSet/Textures/buttons/button_50_inactive.png
  artifactKey: Guid(90ca0b8e4e2f83a4cb7a8a6ae761bce9) Importer(815301076,1909f56bfc062723c751e8b465ee728b)
Start importing Assets/TWD/FreeButtonSet/Textures/buttons/button_50_inactive.png using Guid(90ca0b8e4e2f83a4cb7a8a6ae761bce9) Importer(815301076,1909f56bfc062723c751e8b465ee728b)  -> (artifact id: 'ec1e918200dc63b921946e4fe67eee78') in 0.056242 seconds 
  Import took 0.076598 seconds .

========================================================================
Received Import Request.
  Time since last request: 0.000674 seconds.
  path: Assets/TWD/FreeButtonSet/Textures/buttons/button_150_hover.png
  artifactKey: Guid(c183190c738936749a522264b2b7c43d) Importer(815301076,1909f56bfc062723c751e8b465ee728b)
Start importing Assets/TWD/FreeButtonSet/Textures/buttons/button_150_hover.png using Guid(c183190c738936749a522264b2b7c43d) Importer(815301076,1909f56bfc062723c751e8b465ee728b)  -> (artifact id: 'ff5dce9555336dad65152a6aa42c9919') in 0.021600 seconds 
  Import took 0.029735 seconds .

========================================================================
Received Import Request.
  Time since last request: 23.420926 seconds.
  path: Assets/TWD/FreeButtonSet/Textures/icons/64x64/settings.png
  artifactKey: Guid(15c763ef71e34a044933912d647cc1f9) Importer(815301076,1909f56bfc062723c751e8b465ee728b)
Start importing Assets/TWD/FreeButtonSet/Textures/icons/64x64/settings.png using Guid(15c763ef71e34a044933912d647cc1f9) Importer(815301076,1909f56bfc062723c751e8b465ee728b)  -> (artifact id: '940300cf6eff1b0132faafbd5f4f0d31') in 0.160741 seconds 
  Import took 0.167162 seconds .

========================================================================
Received Import Request.
  Time since last request: 0.000491 seconds.
  path: Assets/TWD/FreeButtonSet/Textures/other/universal_panel_10.png
  artifactKey: Guid(3973caf801ba6864d98890213e90590b) Importer(815301076,1909f56bfc062723c751e8b465ee728b)
Start importing Assets/TWD/FreeButtonSet/Textures/other/universal_panel_10.png using Guid(3973caf801ba6864d98890213e90590b) Importer(815301076,1909f56bfc062723c751e8b465ee728b)  -> (artifact id: '340f587830e5621941342779eeff25f9') in 0.071453 seconds 
  Import took 0.117535 seconds .

========================================================================
Received Import Request.
  Time since last request: 0.000395 seconds.
  path: Assets/TWD/FreeButtonSet/Textures/icons/256x256/speaker.png
  artifactKey: Guid(139c4181e893555468a02df6e9fa5a76) Importer(815301076,1909f56bfc062723c751e8b465ee728b)
Start importing Assets/TWD/FreeButtonSet/Textures/icons/256x256/speaker.png using Guid(139c4181e893555468a02df6e9fa5a76) Importer(815301076,1909f56bfc062723c751e8b465ee728b)  -> (artifact id: '339d05495461ec83f23775f0b6ff2a71') in 0.045796 seconds 
  Import took 0.088922 seconds .

========================================================================
Received Import Request.
  Time since last request: 0.000409 seconds.
  path: Assets/TWD/FreeButtonSet/Textures/icons/128x128/settings.png
  artifactKey: Guid(19b2b02a9feef8b4fa2f431692a804b5) Importer(815301076,1909f56bfc062723c751e8b465ee728b)
Start importing Assets/TWD/FreeButtonSet/Textures/icons/128x128/settings.png using Guid(19b2b02a9feef8b4fa2f431692a804b5) Importer(815301076,1909f56bfc062723c751e8b465ee728b)  -> (artifact id: 'fec614a7fb71e4596f194e2d126a08e6') in 0.092127 seconds 
  Import took 0.100417 seconds .

========================================================================
Received Import Request.
  Time since last request: 0.002176 seconds.
  path: Assets/TWD/FreeButtonSet/Textures/icons/256x256/x.png
  artifactKey: Guid(e839e6693c344ad40a5952853a891866) Importer(815301076,1909f56bfc062723c751e8b465ee728b)
Start importing Assets/TWD/FreeButtonSet/Textures/icons/256x256/x.png using Guid(e839e6693c344ad40a5952853a891866) Importer(815301076,1909f56bfc062723c751e8b465ee728b)  -> (artifact id: '33fc075c81e4313024e3c10a39ec3c01') in 0.083849 seconds 
  Import took 0.090823 seconds .

========================================================================
Received Import Request.
  Time since last request: 0.000444 seconds.
  path: Assets/TWD/FreeButtonSet/Textures/other/universal_panel_30.png
  artifactKey: Guid(0b6605e33662e954eb4ff8943ef1c809) Importer(815301076,1909f56bfc062723c751e8b465ee728b)
Start importing Assets/TWD/FreeButtonSet/Textures/other/universal_panel_30.png using Guid(0b6605e33662e954eb4ff8943ef1c809) Importer(815301076,1909f56bfc062723c751e8b465ee728b)  -> (artifact id: 'a67490c05946ecf2f00e86dba08debb5') in 0.055605 seconds 
  Import took 0.082384 seconds .

========================================================================
Received Import Request.
  Time since last request: 0.000643 seconds.
  path: Assets/TWD/FreeButtonSet/Textures/icons/64x64/speaker.png
  artifactKey: Guid(2f01ca04470c3934a848ba73884b019a) Importer(815301076,1909f56bfc062723c751e8b465ee728b)
Start importing Assets/TWD/FreeButtonSet/Textures/icons/64x64/speaker.png using Guid(2f01ca04470c3934a848ba73884b019a) Importer(815301076,1909f56bfc062723c751e8b465ee728b)  -> (artifact id: '3ce09ecae01e9ed3765c4df6171fc63b') in 0.050695 seconds 
  Import took 0.103081 seconds .

========================================================================
Received Import Request.
  Time since last request: 0.000657 seconds.
  path: Assets/TWD/FreeButtonSet/Textures/icons/32x32/settings.png
  artifactKey: Guid(3d29037700e86324989943cee8d473db) Importer(815301076,1909f56bfc062723c751e8b465ee728b)
Start importing Assets/TWD/FreeButtonSet/Textures/icons/32x32/settings.png using Guid(3d29037700e86324989943cee8d473db) Importer(815301076,1909f56bfc062723c751e8b465ee728b)  -> (artifact id: '30fb1a4e9c957d05c65832f83fdfc193') in 0.020772 seconds 
  Import took 0.027182 seconds .

========================================================================
Received Import Request.
  Time since last request: 0.000556 seconds.
  path: Assets/TWD/FreeButtonSet/Textures/icons/256x256/settings.png
  artifactKey: Guid(29cd5fa083a9a4d448c49c770629f19e) Importer(815301076,1909f56bfc062723c751e8b465ee728b)
Start importing Assets/TWD/FreeButtonSet/Textures/icons/256x256/settings.png using Guid(29cd5fa083a9a4d448c49c770629f19e) Importer(815301076,1909f56bfc062723c751e8b465ee728b)  -> (artifact id: 'f6332f28310644a9d304d92ca83fff99') in 0.120823 seconds 
  Import took 0.155622 seconds .

========================================================================
Received Import Request.
  Time since last request: 0.000922 seconds.
  path: Assets/TWD/FreeButtonSet/Textures/icons/32x32/share.png
  artifactKey: Guid(f93fb28de2f7a5f4aa6babd1576b7828) Importer(815301076,1909f56bfc062723c751e8b465ee728b)
Start importing Assets/TWD/FreeButtonSet/Textures/icons/32x32/share.png using Guid(f93fb28de2f7a5f4aa6babd1576b7828) Importer(815301076,1909f56bfc062723c751e8b465ee728b)  -> (artifact id: '3981cb4f5dbf46373bd91f10f93eeb54') in 0.052250 seconds 
  Import took 0.088377 seconds .

========================================================================
Received Import Request.
  Time since last request: 0.000419 seconds.
  path: Assets/TWD/FreeButtonSet/Textures/other/universal_panel_40.png
  artifactKey: Guid(8174901dff2facb4583e976f866ae424) Importer(815301076,1909f56bfc062723c751e8b465ee728b)
Start importing Assets/TWD/FreeButtonSet/Textures/other/universal_panel_40.png using Guid(8174901dff2facb4583e976f866ae424) Importer(815301076,1909f56bfc062723c751e8b465ee728b)  -> (artifact id: '41313f2c06d0b5d4f8be3e4d5e16a19a') in 0.064032 seconds 
  Import took 0.071547 seconds .

========================================================================
Received Import Request.
  Time since last request: 0.000466 seconds.
  path: Assets/TWD/FreeButtonSet/Textures/icons/32x32/user.png
  artifactKey: Guid(cf47eab53a70c424aad053f375a5f2e0) Importer(815301076,1909f56bfc062723c751e8b465ee728b)
Start importing Assets/TWD/FreeButtonSet/Textures/icons/32x32/user.png using Guid(cf47eab53a70c424aad053f375a5f2e0) Importer(815301076,1909f56bfc062723c751e8b465ee728b)  -> (artifact id: 'd5c8fa893079e18d5a900952b9b0aa0b') in 0.055369 seconds 
  Import took 0.062898 seconds .

========================================================================
Received Import Request.
  Time since last request: 0.000311 seconds.
  path: Assets/TWD/FreeButtonSet/Textures/icons/64x64/x.png
  artifactKey: Guid(f83e9462d8dbe654b9dc1ea2294dba0d) Importer(815301076,1909f56bfc062723c751e8b465ee728b)
Start importing Assets/TWD/FreeButtonSet/Textures/icons/64x64/x.png using Guid(f83e9462d8dbe654b9dc1ea2294dba0d) Importer(815301076,1909f56bfc062723c751e8b465ee728b)  -> (artifact id: 'a4447bb14ab315ccf615960128bbdbdd') in 0.024521 seconds 
  Import took 0.031942 seconds .

========================================================================
Received Import Request.
  Time since last request: 0.000322 seconds.
  path: Assets/TWD/FreeButtonSet/Textures/icons/256x256/star.png
  artifactKey: Guid(b6a757f6793cb0148a905bea74154284) Importer(815301076,1909f56bfc062723c751e8b465ee728b)
Start importing Assets/TWD/FreeButtonSet/Textures/icons/256x256/star.png using Guid(b6a757f6793cb0148a905bea74154284) Importer(815301076,1909f56bfc062723c751e8b465ee728b)  -> (artifact id: '92ee87e0ef403e0701c4cbb7b43ae74c') in 0.043190 seconds 
  Import took 0.050696 seconds .

========================================================================
Received Import Request.
  Time since last request: 0.000292 seconds.
  path: Assets/TWD/FreeButtonSet/Textures/icons/128x128/star.png
  artifactKey: Guid(c45822dd0d148ae4c80084e497c39961) Importer(815301076,1909f56bfc062723c751e8b465ee728b)
Start importing Assets/TWD/FreeButtonSet/Textures/icons/128x128/star.png using Guid(c45822dd0d148ae4c80084e497c39961) Importer(815301076,1909f56bfc062723c751e8b465ee728b)  -> (artifact id: 'cde85f4b19f3c4072c28f901399d64ca') in 0.026320 seconds 
  Import took 0.032064 seconds .

========================================================================
Received Import Request.
  Time since last request: 0.000362 seconds.
  path: Assets/TWD/FreeButtonSet/Textures/icons/32x32/star.png
  artifactKey: Guid(12451ffac05266542a4ec30187af9b6b) Importer(815301076,1909f56bfc062723c751e8b465ee728b)
Start importing Assets/TWD/FreeButtonSet/Textures/icons/32x32/star.png using Guid(12451ffac05266542a4ec30187af9b6b) Importer(815301076,1909f56bfc062723c751e8b465ee728b)  -> (artifact id: '1dcc40749e100dde03f5c94ff2054653') in 0.018899 seconds 
  Import took 0.028464 seconds .

========================================================================
Received Import Request.
  Time since last request: 0.000712 seconds.
  path: Assets/TWD/FreeButtonSet/Textures/icons/64x64/user.png
  artifactKey: Guid(ca09d89e4979d814d87dd1e020aa41e8) Importer(815301076,1909f56bfc062723c751e8b465ee728b)
Start importing Assets/TWD/FreeButtonSet/Textures/icons/64x64/user.png using Guid(ca09d89e4979d814d87dd1e020aa41e8) Importer(815301076,1909f56bfc062723c751e8b465ee728b)  -> (artifact id: '2ef87693138cc7404dc9b90156d98570') in 0.057319 seconds 
  Import took 0.079820 seconds .

========================================================================
Received Import Request.
  Time since last request: 0.000618 seconds.
  path: Assets/TWD/FreeButtonSet/Textures/icons/128x128/x.png
  artifactKey: Guid(321dfcc1c12d7cf42b0037754b1cdf9b) Importer(815301076,1909f56bfc062723c751e8b465ee728b)
Start importing Assets/TWD/FreeButtonSet/Textures/icons/128x128/x.png using Guid(321dfcc1c12d7cf42b0037754b1cdf9b) Importer(815301076,1909f56bfc062723c751e8b465ee728b)  -> (artifact id: 'a5f63c09c8aecf37072c720062be0877') in 0.058087 seconds 
  Import took 0.075231 seconds .

========================================================================
Received Import Request.
  Time since last request: 0.000577 seconds.
  path: Assets/TWD/FreeButtonSet/Textures/icons/128x128/speaker.png
  artifactKey: Guid(a8bf463d0bcbdd440b693618eccf4027) Importer(815301076,1909f56bfc062723c751e8b465ee728b)
Start importing Assets/TWD/FreeButtonSet/Textures/icons/128x128/speaker.png using Guid(a8bf463d0bcbdd440b693618eccf4027) Importer(815301076,1909f56bfc062723c751e8b465ee728b)  -> (artifact id: '466099e696385e38e30dd21c614e4bc9') in 0.059004 seconds 
  Import took 0.070363 seconds .

========================================================================
Received Import Request.
  Time since last request: 0.001214 seconds.
  path: Assets/TWD/FreeButtonSet/Textures/icons/128x128/user.png
  artifactKey: Guid(3b902f226593c084fba20ed761508616) Importer(815301076,1909f56bfc062723c751e8b465ee728b)
Start importing Assets/TWD/FreeButtonSet/Textures/icons/128x128/user.png using Guid(3b902f226593c084fba20ed761508616) Importer(815301076,1909f56bfc062723c751e8b465ee728b)  -> (artifact id: '29b8bd99067e8ed397365f998ea9eaa6') in 0.052260 seconds 
  Import took 0.062354 seconds .

========================================================================
Received Import Request.
  Time since last request: 0.000394 seconds.
  path: Assets/TWD/FreeButtonSet/Textures/icons/256x256/user.png
  artifactKey: Guid(c78d369807d13294aa60a37e1092dc6e) Importer(815301076,1909f56bfc062723c751e8b465ee728b)
Start importing Assets/TWD/FreeButtonSet/Textures/icons/256x256/user.png using Guid(c78d369807d13294aa60a37e1092dc6e) Importer(815301076,1909f56bfc062723c751e8b465ee728b)  -> (artifact id: 'b8475ae2a1ae16aae6c82ccbb043f646') in 0.054129 seconds 
  Import took 0.061853 seconds .

========================================================================
Received Import Request.
  Time since last request: 0.000430 seconds.
  path: Assets/TWD/FreeButtonSet/Textures/icons/256x256/share.png
  artifactKey: Guid(f241ab6632e1cb04698e1686dcdb8981) Importer(815301076,1909f56bfc062723c751e8b465ee728b)
Start importing Assets/TWD/FreeButtonSet/Textures/icons/256x256/share.png using Guid(f241ab6632e1cb04698e1686dcdb8981) Importer(815301076,1909f56bfc062723c751e8b465ee728b)  -> (artifact id: '1b661699e71bf7e0832434fc067779e0') in 0.021674 seconds 
  Import took 0.030334 seconds .

========================================================================
Received Import Request.
  Time since last request: 0.000695 seconds.
  path: Assets/TWD/FreeButtonSet/Textures/icons/32x32/speaker.png
  artifactKey: Guid(967aab30d466613409c60a93eee109b8) Importer(815301076,1909f56bfc062723c751e8b465ee728b)
Start importing Assets/TWD/FreeButtonSet/Textures/icons/32x32/speaker.png using Guid(967aab30d466613409c60a93eee109b8) Importer(815301076,1909f56bfc062723c751e8b465ee728b)  -> (artifact id: '681a5b6f5b260c064e4e39b388b988d7') in 0.017131 seconds 
  Import took 0.048954 seconds .

========================================================================
Received Import Request.
  Time since last request: 0.000304 seconds.
  path: Assets/TWD/FreeButtonSet/Textures/icons/64x64/star.png
  artifactKey: Guid(2d2d75d383dae9b40b9b53a931127253) Importer(815301076,1909f56bfc062723c751e8b465ee728b)
Start importing Assets/TWD/FreeButtonSet/Textures/icons/64x64/star.png using Guid(2d2d75d383dae9b40b9b53a931127253) Importer(815301076,1909f56bfc062723c751e8b465ee728b)  -> (artifact id: 'c0e1f8354977c656cad40eb95ed55ec9') in 0.029651 seconds 
  Import took 0.052620 seconds .

========================================================================
Received Import Request.
  Time since last request: 0.000392 seconds.
  path: Assets/TWD/FreeButtonSet/Textures/icons/128x128/share.png
  artifactKey: Guid(0c3c788016f06db4fa4c39433fe3af6c) Importer(815301076,1909f56bfc062723c751e8b465ee728b)
Start importing Assets/TWD/FreeButtonSet/Textures/icons/128x128/share.png using Guid(0c3c788016f06db4fa4c39433fe3af6c) Importer(815301076,1909f56bfc062723c751e8b465ee728b)  -> (artifact id: '2ba123c6c0a7ee0455dbf20ee27e6656') in 0.066699 seconds 
  Import took 0.072391 seconds .

========================================================================
Received Import Request.
  Time since last request: 0.000347 seconds.
  path: Assets/TWD/FreeButtonSet/Textures/icons/64x64/share.png
  artifactKey: Guid(3f6cfdbb06013874db300a068be370b0) Importer(815301076,1909f56bfc062723c751e8b465ee728b)
Start importing Assets/TWD/FreeButtonSet/Textures/icons/64x64/share.png using Guid(3f6cfdbb06013874db300a068be370b0) Importer(815301076,1909f56bfc062723c751e8b465ee728b)  -> (artifact id: '5820ed63a1b7540563ded1683f811be3') in 0.019994 seconds 
  Import took 0.027345 seconds .

========================================================================
Received Import Request.
  Time since last request: 0.000320 seconds.
  path: Assets/TWD/FreeButtonSet/Textures/other/universal_panel_20.png
  artifactKey: Guid(953de0a59c3f3c7498ecb7496a450d69) Importer(815301076,1909f56bfc062723c751e8b465ee728b)
Start importing Assets/TWD/FreeButtonSet/Textures/other/universal_panel_20.png using Guid(953de0a59c3f3c7498ecb7496a450d69) Importer(815301076,1909f56bfc062723c751e8b465ee728b)  -> (artifact id: '8e353f0b1d270134b41beb3621f657cc') in 0.049654 seconds 
  Import took 0.056989 seconds .

========================================================================
Received Import Request.
  Time since last request: 0.002483 seconds.
  path: Assets/TWD/FreeButtonSet/Textures/icons/32x32/x.png
  artifactKey: Guid(9aeac1c0750d43d498b7e62859763888) Importer(815301076,1909f56bfc062723c751e8b465ee728b)
Start importing Assets/TWD/FreeButtonSet/Textures/icons/32x32/x.png using Guid(9aeac1c0750d43d498b7e62859763888) Importer(815301076,1909f56bfc062723c751e8b465ee728b)  -> (artifact id: '39e013c3f5485867be593f380c09e4fd') in 0.024864 seconds 
  Import took 0.033263 seconds .

========================================================================
Received Import Request.
  Time since last request: 7.566142 seconds.
  path: Assets/TWD/FreeButtonSet/Textures/icons/64x64/pause.png
  artifactKey: Guid(75c6c57e72a33de42bcf6efefad9c957) Importer(815301076,1909f56bfc062723c751e8b465ee728b)
Start importing Assets/TWD/FreeButtonSet/Textures/icons/64x64/pause.png using Guid(75c6c57e72a33de42bcf6efefad9c957) Importer(815301076,1909f56bfc062723c751e8b465ee728b)  -> (artifact id: 'd3dc22e5ddc9bf8bbc7406bd4aec573c') in 0.058052 seconds 
  Import took 0.067108 seconds .

========================================================================
Received Import Request.
  Time since last request: 0.001152 seconds.
  path: Assets/TWD/FreeButtonSet/Textures/icons/32x32/plus.png
  artifactKey: Guid(f1d2732960a12434a91c2cba94b04cb5) Importer(815301076,1909f56bfc062723c751e8b465ee728b)
Start importing Assets/TWD/FreeButtonSet/Textures/icons/32x32/plus.png using Guid(f1d2732960a12434a91c2cba94b04cb5) Importer(815301076,1909f56bfc062723c751e8b465ee728b)  -> (artifact id: '2ec43fe591c8668d5228cedeb9c7ccad') in 0.114473 seconds 
  Import took 0.121645 seconds .

========================================================================
Received Import Request.
  Time since last request: 0.000620 seconds.
  path: Assets/TWD/FreeButtonSet/Textures/icons/256x256/plus.png
  artifactKey: Guid(aeb77d0c2986cd448a51409c56ad0aff) Importer(815301076,1909f56bfc062723c751e8b465ee728b)
Start importing Assets/TWD/FreeButtonSet/Textures/icons/256x256/plus.png using Guid(aeb77d0c2986cd448a51409c56ad0aff) Importer(815301076,1909f56bfc062723c751e8b465ee728b)  -> (artifact id: 'd0e95816b0ec94c087e79d9d69fd1f57') in 0.019369 seconds 
  Import took 0.047156 seconds .

========================================================================
Received Import Request.
  Time since last request: 0.000362 seconds.
  path: Assets/TWD/FreeButtonSet/Textures/icons/256x256/help.png
  artifactKey: Guid(a1d9cb3eb505c114d8fa17fcbaeb157c) Importer(815301076,1909f56bfc062723c751e8b465ee728b)
Start importing Assets/TWD/FreeButtonSet/Textures/icons/256x256/help.png using Guid(a1d9cb3eb505c114d8fa17fcbaeb157c) Importer(815301076,1909f56bfc062723c751e8b465ee728b)  -> (artifact id: '8eaa0d5ae2f63e20ca66d25b2b7f2e5a') in 0.052243 seconds 
  Import took 0.058956 seconds .

========================================================================
Received Import Request.
  Time since last request: 0.007025 seconds.
  path: Assets/TWD/FreeButtonSet/Textures/icons/128x128/info.png
  artifactKey: Guid(ff8b06e19a717d14d9ff2546436de761) Importer(815301076,1909f56bfc062723c751e8b465ee728b)
Start importing Assets/TWD/FreeButtonSet/Textures/icons/128x128/info.png using Guid(ff8b06e19a717d14d9ff2546436de761) Importer(815301076,1909f56bfc062723c751e8b465ee728b)  -> (artifact id: '1f4962b4e768564bb17bb148b3c45c4d') in 0.019575 seconds 
  Import took 0.026631 seconds .

========================================================================
Received Import Request.
  Time since last request: 0.006599 seconds.
  path: Assets/TWD/FreeButtonSet/Textures/icons/128x128/repeat.png
  artifactKey: Guid(0ac274da743a5ab49a17c782a85c7f2d) Importer(815301076,1909f56bfc062723c751e8b465ee728b)
Start importing Assets/TWD/FreeButtonSet/Textures/icons/128x128/repeat.png using Guid(0ac274da743a5ab49a17c782a85c7f2d) Importer(815301076,1909f56bfc062723c751e8b465ee728b)  -> (artifact id: '3680f6e58832b96e60f89007b5a1f8cd') in 0.035684 seconds 
  Import took 0.058898 seconds .

========================================================================
Received Import Request.
  Time since last request: 0.006657 seconds.
  path: Assets/TWD/FreeButtonSet/Textures/icons/256x256/message.png
  artifactKey: Guid(d86ebf4784f9d664eaa8c05a23b31f64) Importer(815301076,1909f56bfc062723c751e8b465ee728b)
Start importing Assets/TWD/FreeButtonSet/Textures/icons/256x256/message.png using Guid(d86ebf4784f9d664eaa8c05a23b31f64) Importer(815301076,1909f56bfc062723c751e8b465ee728b)  -> (artifact id: '13271e42892fa6612a5e7c77e7554d74') in 0.021764 seconds 
  Import took 0.031193 seconds .

========================================================================
Received Import Request.
  Time since last request: 0.000682 seconds.
  path: Assets/TWD/FreeButtonSet/Textures/icons/64x64/minus.png
  artifactKey: Guid(8d3f1901246a92d4e9ba3f2a8b1c1c2c) Importer(815301076,1909f56bfc062723c751e8b465ee728b)
Start importing Assets/TWD/FreeButtonSet/Textures/icons/64x64/minus.png using Guid(8d3f1901246a92d4e9ba3f2a8b1c1c2c) Importer(815301076,1909f56bfc062723c751e8b465ee728b)  -> (artifact id: '42eda1f913b82653466a94984437e13f') in 0.024776 seconds 
  Import took 0.035276 seconds .

========================================================================
Received Import Request.
  Time since last request: 0.000993 seconds.
  path: Assets/TWD/FreeButtonSet/Textures/icons/256x256/menu.png
  artifactKey: Guid(508b7276e5631294ab35b053b5a7775c) Importer(815301076,1909f56bfc062723c751e8b465ee728b)
Start importing Assets/TWD/FreeButtonSet/Textures/icons/256x256/menu.png using Guid(508b7276e5631294ab35b053b5a7775c) Importer(815301076,1909f56bfc062723c751e8b465ee728b)  -> (artifact id: 'a0fb38a7d90c54dcd8baecb96c99ef4d') in 0.020865 seconds 
  Import took 0.028066 seconds .

========================================================================
Received Import Request.
  Time since last request: 0.000667 seconds.
  path: Assets/TWD/FreeButtonSet/Textures/icons/256x256/minus.png
  artifactKey: Guid(6d3df38cd65ff494387432fd56427bde) Importer(815301076,1909f56bfc062723c751e8b465ee728b)
Start importing Assets/TWD/FreeButtonSet/Textures/icons/256x256/minus.png using Guid(6d3df38cd65ff494387432fd56427bde) Importer(815301076,1909f56bfc062723c751e8b465ee728b)  -> (artifact id: 'df47d4c0e31ac9dad5d27900a9916968') in 0.026951 seconds 
  Import took 0.034108 seconds .

========================================================================
Received Import Request.
  Time since last request: 0.000563 seconds.
  path: Assets/TWD/FreeButtonSet/Textures/icons/32x32/minus.png
  artifactKey: Guid(a13a11ae513fbe544ad52acf42a1eaa0) Importer(815301076,1909f56bfc062723c751e8b465ee728b)
Start importing Assets/TWD/FreeButtonSet/Textures/icons/32x32/minus.png using Guid(a13a11ae513fbe544ad52acf42a1eaa0) Importer(815301076,1909f56bfc062723c751e8b465ee728b)  -> (artifact id: '6eb5299f1e870dbc7fb90fc8b0f07603') in 0.025387 seconds 
  Import took 0.033828 seconds .

========================================================================
Received Import Request.
  Time since last request: 0.000536 seconds.
  path: Assets/TWD/FreeButtonSet/Textures/icons/32x32/info.png
  artifactKey: Guid(43582e3299335f14fb912e3fbc60e193) Importer(815301076,1909f56bfc062723c751e8b465ee728b)
Start importing Assets/TWD/FreeButtonSet/Textures/icons/32x32/info.png using Guid(43582e3299335f14fb912e3fbc60e193) Importer(815301076,1909f56bfc062723c751e8b465ee728b)  -> (artifact id: 'ebb171066583a9f6ad071de6676b2e61') in 0.042208 seconds 
  Import took 0.049625 seconds .

========================================================================
Received Import Request.
  Time since last request: 0.000360 seconds.
  path: Assets/TWD/FreeButtonSet/Textures/icons/128x128/message.png
  artifactKey: Guid(bddaa0bb0da741940878ee1c42248a60) Importer(815301076,1909f56bfc062723c751e8b465ee728b)
Start importing Assets/TWD/FreeButtonSet/Textures/icons/128x128/message.png using Guid(bddaa0bb0da741940878ee1c42248a60) Importer(815301076,1909f56bfc062723c751e8b465ee728b)  -> (artifact id: 'd9b4762c95e4194a6f1357ee90155b42') in 0.056003 seconds 
  Import took 0.064099 seconds .

========================================================================
Received Import Request.
  Time since last request: 0.001074 seconds.
  path: Assets/TWD/FreeButtonSet/Textures/icons/256x256/pause.png
  artifactKey: Guid(39af0f365e48844429e5e9144564e40a) Importer(815301076,1909f56bfc062723c751e8b465ee728b)
Start importing Assets/TWD/FreeButtonSet/Textures/icons/256x256/pause.png using Guid(39af0f365e48844429e5e9144564e40a) Importer(815301076,1909f56bfc062723c751e8b465ee728b)  -> (artifact id: '82d2623b3ee458d48fc811478eaccc84') in 0.069108 seconds 
  Import took 0.078468 seconds .

========================================================================
Received Import Request.
  Time since last request: 0.001065 seconds.
  path: Assets/TWD/FreeButtonSet/Textures/icons/32x32/pause.png
  artifactKey: Guid(8eb9669081de23044bab500123db153d) Importer(815301076,1909f56bfc062723c751e8b465ee728b)
Start importing Assets/TWD/FreeButtonSet/Textures/icons/32x32/pause.png using Guid(8eb9669081de23044bab500123db153d) Importer(815301076,1909f56bfc062723c751e8b465ee728b)  -> (artifact id: '03e1fd9d42665dd740f8d1df95c796e8') in 0.065287 seconds 
  Import took 0.114755 seconds .

========================================================================
Received Import Request.
  Time since last request: 0.001154 seconds.
  path: Assets/TWD/FreeButtonSet/Textures/icons/64x64/help.png
  artifactKey: Guid(8143f852c3cbb53489177bce8ed0d104) Importer(815301076,1909f56bfc062723c751e8b465ee728b)
Start importing Assets/TWD/FreeButtonSet/Textures/icons/64x64/help.png using Guid(8143f852c3cbb53489177bce8ed0d104) Importer(815301076,1909f56bfc062723c751e8b465ee728b)  -> (artifact id: '81e222d716a15174ac85f0da4e867682') in 0.050204 seconds 
  Import took 0.057984 seconds .

========================================================================
Received Import Request.
  Time since last request: 0.000359 seconds.
  path: Assets/TWD/FreeButtonSet/Textures/icons/64x64/repeat.png
  artifactKey: Guid(ea998e3294889624985351560923ba0a) Importer(815301076,1909f56bfc062723c751e8b465ee728b)
Start importing Assets/TWD/FreeButtonSet/Textures/icons/64x64/repeat.png using Guid(ea998e3294889624985351560923ba0a) Importer(815301076,1909f56bfc062723c751e8b465ee728b)  -> (artifact id: 'a1bcbb1e22d188dce97837997bf9bc7e') in 0.083357 seconds 
  Import took 0.090329 seconds .

========================================================================
Received Import Request.
  Time since last request: 0.001764 seconds.
  path: Assets/TWD/FreeButtonSet/Textures/icons/128x128/minus.png
  artifactKey: Guid(120af17437d75844d8f6be3a85cdeb1c) Importer(815301076,1909f56bfc062723c751e8b465ee728b)
Start importing Assets/TWD/FreeButtonSet/Textures/icons/128x128/minus.png using Guid(120af17437d75844d8f6be3a85cdeb1c) Importer(815301076,1909f56bfc062723c751e8b465ee728b)  -> (artifact id: 'd68524763b9b524f450f5cb9a54193db') in 0.050867 seconds 
  Import took 0.070988 seconds .

========================================================================
Received Import Request.
  Time since last request: 0.000602 seconds.
  path: Assets/TWD/FreeButtonSet/Textures/icons/32x32/message.png
  artifactKey: Guid(858e29a9128a19c4182ce8b02b9c6683) Importer(815301076,1909f56bfc062723c751e8b465ee728b)
Start importing Assets/TWD/FreeButtonSet/Textures/icons/32x32/message.png using Guid(858e29a9128a19c4182ce8b02b9c6683) Importer(815301076,1909f56bfc062723c751e8b465ee728b)  -> (artifact id: 'eb2b17f25873e84525a5a1d5fba48fab') in 0.018078 seconds 
  Import took 0.025609 seconds .

========================================================================
Received Import Request.
  Time since last request: 0.001578 seconds.
  path: Assets/TWD/FreeButtonSet/Textures/icons/256x256/info.png
  artifactKey: Guid(c3262ee5be33f7e4c8056e8e20b6bdfb) Importer(815301076,1909f56bfc062723c751e8b465ee728b)
Start importing Assets/TWD/FreeButtonSet/Textures/icons/256x256/info.png using Guid(c3262ee5be33f7e4c8056e8e20b6bdfb) Importer(815301076,1909f56bfc062723c751e8b465ee728b)  -> (artifact id: '23363745eee769e75bb96221ea0b78ce') in 0.047333 seconds 
  Import took 0.054735 seconds .

========================================================================
Received Import Request.
  Time since last request: 0.004288 seconds.
  path: Assets/TWD/FreeButtonSet/Textures/icons/256x256/repeat.png
  artifactKey: Guid(477e16ce3d75d124c8bd76f95fa08730) Importer(815301076,1909f56bfc062723c751e8b465ee728b)
Start importing Assets/TWD/FreeButtonSet/Textures/icons/256x256/repeat.png using Guid(477e16ce3d75d124c8bd76f95fa08730) Importer(815301076,1909f56bfc062723c751e8b465ee728b)  -> (artifact id: '5820dcc2b8588bb2c700bd18c67d333b') in 0.057294 seconds 
  Import took 0.064958 seconds .

========================================================================
Received Import Request.
  Time since last request: 0.000320 seconds.
  path: Assets/TWD/FreeButtonSet/Textures/icons/64x64/menu.png
  artifactKey: Guid(eae15a34ba5cbdd40accbe87e85f2c40) Importer(815301076,1909f56bfc062723c751e8b465ee728b)
Start importing Assets/TWD/FreeButtonSet/Textures/icons/64x64/menu.png using Guid(eae15a34ba5cbdd40accbe87e85f2c40) Importer(815301076,1909f56bfc062723c751e8b465ee728b)  -> (artifact id: '3f078ffb38fb5b37f807ff1aa5e49097') in 0.057311 seconds 
  Import took 0.066113 seconds .

========================================================================
Received Import Request.
  Time since last request: 0.000555 seconds.
  path: Assets/TWD/FreeButtonSet/Textures/icons/64x64/message.png
  artifactKey: Guid(c9c5499f2f571d14381f63343c1fdba7) Importer(815301076,1909f56bfc062723c751e8b465ee728b)
Start importing Assets/TWD/FreeButtonSet/Textures/icons/64x64/message.png using Guid(c9c5499f2f571d14381f63343c1fdba7) Importer(815301076,1909f56bfc062723c751e8b465ee728b)  -> (artifact id: '96902e6ece058f50bb77009b6197fa21') in 0.046138 seconds 
  Import took 0.054074 seconds .

========================================================================
Received Import Request.
  Time since last request: 0.000435 seconds.
  path: Assets/TWD/FreeButtonSet/Textures/icons/128x128/plus.png
  artifactKey: Guid(c1d5c0c9c2ed348448cf389548c36f28) Importer(815301076,1909f56bfc062723c751e8b465ee728b)
Start importing Assets/TWD/FreeButtonSet/Textures/icons/128x128/plus.png using Guid(c1d5c0c9c2ed348448cf389548c36f28) Importer(815301076,1909f56bfc062723c751e8b465ee728b)  -> (artifact id: 'e7da2741125d8eea67c3a4ad5f863f1e') in 0.045524 seconds 
  Import took 0.052085 seconds .

========================================================================
Received Import Request.
  Time since last request: 0.002057 seconds.
  path: Assets/TWD/FreeButtonSet/Textures/icons/64x64/play.png
  artifactKey: Guid(a2f31c578b2fbc1469b71626553cc735) Importer(815301076,1909f56bfc062723c751e8b465ee728b)
Start importing Assets/TWD/FreeButtonSet/Textures/icons/64x64/play.png using Guid(a2f31c578b2fbc1469b71626553cc735) Importer(815301076,1909f56bfc062723c751e8b465ee728b)  -> (artifact id: 'bef1a24d344c743dd491cfe22c509719') in 0.022422 seconds 
  Import took 0.061175 seconds .

========================================================================
Received Import Request.
  Time since last request: 0.000771 seconds.
  path: Assets/TWD/FreeButtonSet/Textures/icons/64x64/plus.png
  artifactKey: Guid(8eae9b570f1669645b57010213c6d893) Importer(815301076,1909f56bfc062723c751e8b465ee728b)
Start importing Assets/TWD/FreeButtonSet/Textures/icons/64x64/plus.png using Guid(8eae9b570f1669645b57010213c6d893) Importer(815301076,1909f56bfc062723c751e8b465ee728b)  -> (artifact id: '1efdd62c1d520e4f3a79c52d8f1a557f') in 0.021469 seconds 
  Import took 0.029569 seconds .

========================================================================
Received Import Request.
  Time since last request: 0.000433 seconds.
  path: Assets/TWD/FreeButtonSet/Textures/icons/256x256/play.png
  artifactKey: Guid(c398922a20f2f984db55718ac2c394f5) Importer(815301076,1909f56bfc062723c751e8b465ee728b)
Start importing Assets/TWD/FreeButtonSet/Textures/icons/256x256/play.png using Guid(c398922a20f2f984db55718ac2c394f5) Importer(815301076,1909f56bfc062723c751e8b465ee728b)  -> (artifact id: '83d2db4b33fbcde4871dc1df61967b2b') in 0.023793 seconds 
  Import took 0.041434 seconds .

========================================================================
Received Import Request.
  Time since last request: 0.000646 seconds.
  path: Assets/TWD/FreeButtonSet/Textures/icons/32x32/menu.png
  artifactKey: Guid(873fef88362100240875f61cefb4a8ae) Importer(815301076,1909f56bfc062723c751e8b465ee728b)
Start importing Assets/TWD/FreeButtonSet/Textures/icons/32x32/menu.png using Guid(873fef88362100240875f61cefb4a8ae) Importer(815301076,1909f56bfc062723c751e8b465ee728b)  -> (artifact id: '66dc593172e608395b1989f5cc9f2239') in 0.047362 seconds 
  Import took 0.074805 seconds .

========================================================================
Received Import Request.
  Time since last request: 0.000409 seconds.
  path: Assets/TWD/FreeButtonSet/Textures/icons/128x128/help.png
  artifactKey: Guid(ee454173d02e05a4f8c74cc6e92fa5ee) Importer(815301076,1909f56bfc062723c751e8b465ee728b)
Start importing Assets/TWD/FreeButtonSet/Textures/icons/128x128/help.png using Guid(ee454173d02e05a4f8c74cc6e92fa5ee) Importer(815301076,1909f56bfc062723c751e8b465ee728b)  -> (artifact id: 'de5b0b2ed15852c83e293635a227ff56') in 0.029631 seconds 
  Import took 0.065149 seconds .

========================================================================
Received Import Request.
  Time since last request: 0.000363 seconds.
  path: Assets/TWD/FreeButtonSet/Textures/icons/128x128/menu.png
  artifactKey: Guid(ec694ac45cee4c34a93f4caf3ab4f155) Importer(815301076,1909f56bfc062723c751e8b465ee728b)
Start importing Assets/TWD/FreeButtonSet/Textures/icons/128x128/menu.png using Guid(ec694ac45cee4c34a93f4caf3ab4f155) Importer(815301076,1909f56bfc062723c751e8b465ee728b)  -> (artifact id: '8db0ea1c062b987dbe5203dea73c5c81') in 0.029725 seconds 
  Import took 0.038033 seconds .

========================================================================
Received Import Request.
  Time since last request: 0.000911 seconds.
  path: Assets/TWD/FreeButtonSet/Textures/icons/64x64/info.png
  artifactKey: Guid(e06eebf644bc5c84cb5d23b9d62ee3cd) Importer(815301076,1909f56bfc062723c751e8b465ee728b)
Start importing Assets/TWD/FreeButtonSet/Textures/icons/64x64/info.png using Guid(e06eebf644bc5c84cb5d23b9d62ee3cd) Importer(815301076,1909f56bfc062723c751e8b465ee728b)  -> (artifact id: '5adb3410e641649fd74b9df0cb625c90') in 0.018965 seconds 
  Import took 0.040259 seconds .

========================================================================
Received Import Request.
  Time since last request: 0.000401 seconds.
  path: Assets/TWD/FreeButtonSet/Textures/icons/32x32/play.png
  artifactKey: Guid(77e80d9dad76e74469ce748b77cdbe1a) Importer(815301076,1909f56bfc062723c751e8b465ee728b)
Start importing Assets/TWD/FreeButtonSet/Textures/icons/32x32/play.png using Guid(77e80d9dad76e74469ce748b77cdbe1a) Importer(815301076,1909f56bfc062723c751e8b465ee728b)  -> (artifact id: '116b04c240fce2e05a06fc46f5da2386') in 0.031062 seconds 
  Import took 0.065571 seconds .

========================================================================
Received Import Request.
  Time since last request: 0.001615 seconds.
  path: Assets/TWD/FreeButtonSet/Textures/icons/256x256/heart.png
  artifactKey: Guid(1f9a4714dfc315d48b8e91e5453067ae) Importer(815301076,1909f56bfc062723c751e8b465ee728b)
Start importing Assets/TWD/FreeButtonSet/Textures/icons/256x256/heart.png using Guid(1f9a4714dfc315d48b8e91e5453067ae) Importer(815301076,1909f56bfc062723c751e8b465ee728b)  -> (artifact id: '28fe588742fd662c2aa127ed108eb72c') in 0.030862 seconds 
  Import took 0.039213 seconds .

========================================================================
Received Import Request.
  Time since last request: 0.000563 seconds.
  path: Assets/TWD/FreeButtonSet/Textures/icons/32x32/help.png
  artifactKey: Guid(17616644aaeac474888ce77a1e464cf8) Importer(815301076,1909f56bfc062723c751e8b465ee728b)
Start importing Assets/TWD/FreeButtonSet/Textures/icons/32x32/help.png using Guid(17616644aaeac474888ce77a1e464cf8) Importer(815301076,1909f56bfc062723c751e8b465ee728b)  -> (artifact id: '52b3659f53d0370bb886f08e04116c23') in 0.052378 seconds 
  Import took 0.058439 seconds .

========================================================================
Received Import Request.
  Time since last request: 0.001661 seconds.
  path: Assets/TWD/FreeButtonSet/Textures/icons/128x128/play.png
  artifactKey: Guid(adf19f966e0379040bb823cbe5375f3f) Importer(815301076,1909f56bfc062723c751e8b465ee728b)
Start importing Assets/TWD/FreeButtonSet/Textures/icons/128x128/play.png using Guid(adf19f966e0379040bb823cbe5375f3f) Importer(815301076,1909f56bfc062723c751e8b465ee728b)  -> (artifact id: '20e8e9bb7606eb692a7db001b68517b1') in 0.018553 seconds 
  Import took 0.025223 seconds .

========================================================================
Received Import Request.
  Time since last request: 0.000954 seconds.
  path: Assets/TWD/FreeButtonSet/Textures/icons/32x32/repeat.png
  artifactKey: Guid(adb9df14921d3844ba1a07fdb2766d3b) Importer(815301076,1909f56bfc062723c751e8b465ee728b)
Start importing Assets/TWD/FreeButtonSet/Textures/icons/32x32/repeat.png using Guid(adb9df14921d3844ba1a07fdb2766d3b) Importer(815301076,1909f56bfc062723c751e8b465ee728b)  -> (artifact id: '2ada03f92c94412f7910710617985615') in 0.021766 seconds 
  Import took 0.047525 seconds .

========================================================================
Received Import Request.
  Time since last request: 0.001912 seconds.
  path: Assets/TWD/FreeButtonSet/Textures/icons/128x128/pause.png
  artifactKey: Guid(b148167244e305a42b332c5e3103a0f3) Importer(815301076,1909f56bfc062723c751e8b465ee728b)
Start importing Assets/TWD/FreeButtonSet/Textures/icons/128x128/pause.png using Guid(b148167244e305a42b332c5e3103a0f3) Importer(815301076,1909f56bfc062723c751e8b465ee728b)  -> (artifact id: 'a9e909dcd9c92131f22b0fc5a8012e90') in 0.026530 seconds 
  Import took 0.034064 seconds .

========================================================================
Received Import Request.
  Time since last request: 0.376919 seconds.
  path: Assets/TWD/FreeButtonSet/Textures/icons/64x64/checkmark.png
  artifactKey: Guid(a1b36335edc21804d8483d19058e387c) Importer(815301076,1909f56bfc062723c751e8b465ee728b)
Start importing Assets/TWD/FreeButtonSet/Textures/icons/64x64/checkmark.png using Guid(a1b36335edc21804d8483d19058e387c) Importer(815301076,1909f56bfc062723c751e8b465ee728b)  -> (artifact id: '97256456d2f5bfa10ec43ac7dcd29ab5') in 0.059324 seconds 
  Import took 0.093788 seconds .

========================================================================
Received Import Request.
  Time since last request: 0.000681 seconds.
  path: Assets/TWD/FreeButtonSet/Textures/icons/64x64/heart.png
  artifactKey: Guid(8082c022c1e0e004c983dda20809df59) Importer(815301076,1909f56bfc062723c751e8b465ee728b)
Start importing Assets/TWD/FreeButtonSet/Textures/icons/64x64/heart.png using Guid(8082c022c1e0e004c983dda20809df59) Importer(815301076,1909f56bfc062723c751e8b465ee728b)  -> (artifact id: '1b2c7e3c0eb6cc73e8bcbf1ef71432de') in 0.053582 seconds 
  Import took 0.090340 seconds .

========================================================================
Received Import Request.
  Time since last request: 0.000370 seconds.
  path: Assets/TWD/FreeButtonSet/Textures/icons/256x256/checkmark.png
  artifactKey: Guid(9cd6991b040b7fb40808e500b041d545) Importer(815301076,1909f56bfc062723c751e8b465ee728b)
Start importing Assets/TWD/FreeButtonSet/Textures/icons/256x256/checkmark.png using Guid(9cd6991b040b7fb40808e500b041d545) Importer(815301076,1909f56bfc062723c751e8b465ee728b)  -> (artifact id: 'aa22d7e02728d9d15f73beab18272fbf') in 0.053967 seconds 
  Import took 0.078198 seconds .

========================================================================
Received Import Request.
  Time since last request: 0.000414 seconds.
  path: Assets/TWD/FreeButtonSet/Textures/icons/128x128/heart.png
  artifactKey: Guid(6d9f5fb6855ea5f45abfe0b211851ed2) Importer(815301076,1909f56bfc062723c751e8b465ee728b)
Start importing Assets/TWD/FreeButtonSet/Textures/icons/128x128/heart.png using Guid(6d9f5fb6855ea5f45abfe0b211851ed2) Importer(815301076,1909f56bfc062723c751e8b465ee728b)  -> (artifact id: '49c4b8fdf7d220aa4a8674f597d7a76d') in 0.021875 seconds 
  Import took 0.030220 seconds .

========================================================================
Received Import Request.
  Time since last request: 0.001586 seconds.
  path: Assets/TWD/FreeButtonSet/Textures/icons/32x32/checkmark.png
  artifactKey: Guid(433f891bf38fed24d91d68c15aae515d) Importer(815301076,1909f56bfc062723c751e8b465ee728b)
Start importing Assets/TWD/FreeButtonSet/Textures/icons/32x32/checkmark.png using Guid(433f891bf38fed24d91d68c15aae515d) Importer(815301076,1909f56bfc062723c751e8b465ee728b)  -> (artifact id: 'c64c663a5da68b104f6bf04663c9e1f7') in 0.018293 seconds 
  Import took 0.024838 seconds .

========================================================================
Received Import Request.
  Time since last request: 0.001825 seconds.
  path: Assets/TWD/FreeButtonSet/Textures/icons/32x32/heart.png
  artifactKey: Guid(387454f6cd7cc5047bc289d606b175b3) Importer(815301076,1909f56bfc062723c751e8b465ee728b)
Start importing Assets/TWD/FreeButtonSet/Textures/icons/32x32/heart.png using Guid(387454f6cd7cc5047bc289d606b175b3) Importer(815301076,1909f56bfc062723c751e8b465ee728b)  -> (artifact id: '9b996509414a72375d5d2ce38122fc0e') in 0.023598 seconds 
  Import took 0.046140 seconds .

========================================================================
Received Import Request.
  Time since last request: 0.000349 seconds.
  path: Assets/TWD/FreeButtonSet/Textures/icons/128x128/checkmark.png
  artifactKey: Guid(874b343cf51efe745b644be33893b09a) Importer(815301076,1909f56bfc062723c751e8b465ee728b)
Start importing Assets/TWD/FreeButtonSet/Textures/icons/128x128/checkmark.png using Guid(874b343cf51efe745b644be33893b09a) Importer(815301076,1909f56bfc062723c751e8b465ee728b)  -> (artifact id: 'fe4233d7f66e35d18b9191c54306fa84') in 0.023438 seconds 
  Import took 0.030557 seconds .

========================================================================
Received Import Request.
  Time since last request: 85.836214 seconds.
  path: Assets/TWD/FreeButtonSet/Textures/icons/64x64/arrow_left.png
  artifactKey: Guid(8b93523f32be16548bf56b5a6db4fefe) Importer(815301076,1909f56bfc062723c751e8b465ee728b)
Start importing Assets/TWD/FreeButtonSet/Textures/icons/64x64/arrow_left.png using Guid(8b93523f32be16548bf56b5a6db4fefe) Importer(815301076,1909f56bfc062723c751e8b465ee728b)  -> (artifact id: '8e0f3ed812547283c67c85a8b4469418') in 0.118496 seconds 
  Import took 0.125506 seconds .

========================================================================
Received Import Request.
  Time since last request: 0.000534 seconds.
  path: Assets/TWD/FreeButtonSet/Textures/icons/32x32/arrow_up.png
  artifactKey: Guid(e79549f1ff9d02e49aec7ac82e66592a) Importer(815301076,1909f56bfc062723c751e8b465ee728b)
Start importing Assets/TWD/FreeButtonSet/Textures/icons/32x32/arrow_up.png using Guid(e79549f1ff9d02e49aec7ac82e66592a) Importer(815301076,1909f56bfc062723c751e8b465ee728b)  -> (artifact id: '648c6d45224d60f9621e33645f887429') in 0.027251 seconds 
  Import took 0.034979 seconds .

========================================================================
Received Import Request.
  Time since last request: 0.000641 seconds.
  path: Assets/TWD/FreeButtonSet/Textures/icons/32x32/arrow_right.png
  artifactKey: Guid(23772e19474d2c443b3be8361065a7b1) Importer(815301076,1909f56bfc062723c751e8b465ee728b)
Start importing Assets/TWD/FreeButtonSet/Textures/icons/32x32/arrow_right.png using Guid(23772e19474d2c443b3be8361065a7b1) Importer(815301076,1909f56bfc062723c751e8b465ee728b)  -> (artifact id: '204bf66104384e2a45af5c7b4b8fee3b') in 0.043415 seconds 
  Import took 0.062579 seconds .

========================================================================
Received Import Request.
  Time since last request: 0.000320 seconds.
  path: Assets/TWD/FreeButtonSet/Textures/icons/128x128/arrow_down.png
  artifactKey: Guid(e968566a79d16394f97ee27c34c6ac78) Importer(815301076,1909f56bfc062723c751e8b465ee728b)
Start importing Assets/TWD/FreeButtonSet/Textures/icons/128x128/arrow_down.png using Guid(e968566a79d16394f97ee27c34c6ac78) Importer(815301076,1909f56bfc062723c751e8b465ee728b)  -> (artifact id: 'b7a8c253f4dc3495017b075a2cac8d53') in 0.021011 seconds 
  Import took 0.027161 seconds .

========================================================================
Received Import Request.
  Time since last request: 0.000618 seconds.
  path: Assets/TWD/FreeButtonSet/Textures/icons/128x128/arrow_up.png
  artifactKey: Guid(9e197a1515abdbc4b91281eee95e8b33) Importer(815301076,1909f56bfc062723c751e8b465ee728b)
Start importing Assets/TWD/FreeButtonSet/Textures/icons/128x128/arrow_up.png using Guid(9e197a1515abdbc4b91281eee95e8b33) Importer(815301076,1909f56bfc062723c751e8b465ee728b)  -> (artifact id: '6fc69c3d1a97d70c7fa4843640d7b769') in 0.049514 seconds 
  Import took 0.068597 seconds .

========================================================================
Received Import Request.
  Time since last request: 0.000412 seconds.
  path: Assets/TWD/FreeButtonSet/Textures/icons/64x64/arrow_down.png
  artifactKey: Guid(9c3d15adfbc21d64683a6553e1330d99) Importer(815301076,1909f56bfc062723c751e8b465ee728b)
Start importing Assets/TWD/FreeButtonSet/Textures/icons/64x64/arrow_down.png using Guid(9c3d15adfbc21d64683a6553e1330d99) Importer(815301076,1909f56bfc062723c751e8b465ee728b)  -> (artifact id: '5a6a3374307b519d9eb03cdd3b09ee26') in 0.020193 seconds 
  Import took 0.045841 seconds .

========================================================================
Received Import Request.
  Time since last request: 0.001688 seconds.
  path: Assets/TWD/FreeButtonSet/Textures/icons/256x256/arrow_down.png
  artifactKey: Guid(8e23a03b070b02343ae289c317c04cb8) Importer(815301076,1909f56bfc062723c751e8b465ee728b)
Start importing Assets/TWD/FreeButtonSet/Textures/icons/256x256/arrow_down.png using Guid(8e23a03b070b02343ae289c317c04cb8) Importer(815301076,1909f56bfc062723c751e8b465ee728b)  -> (artifact id: '6e7afb0df35d7433c3daaddbcf3889c9') in 0.040729 seconds 
  Import took 0.048135 seconds .

========================================================================
Received Import Request.
  Time since last request: 0.002848 seconds.
  path: Assets/TWD/FreeButtonSet/Textures/icons/256x256/arrow_left.png
  artifactKey: Guid(98d20fe739e52024d8acf8e32bf24b1c) Importer(815301076,1909f56bfc062723c751e8b465ee728b)
Start importing Assets/TWD/FreeButtonSet/Textures/icons/256x256/arrow_left.png using Guid(98d20fe739e52024d8acf8e32bf24b1c) Importer(815301076,1909f56bfc062723c751e8b465ee728b)  -> (artifact id: '9a0603514b40dce245675aaa98f6c4a3') in 0.023025 seconds 
  Import took 0.036638 seconds .

========================================================================
Received Import Request.
  Time since last request: 0.000472 seconds.
  path: Assets/TWD/FreeButtonSet/Textures/icons/32x32/arrow_left.png
  artifactKey: Guid(41bc5d0324757c7439b419ae5397a50e) Importer(815301076,1909f56bfc062723c751e8b465ee728b)
Start importing Assets/TWD/FreeButtonSet/Textures/icons/32x32/arrow_left.png using Guid(41bc5d0324757c7439b419ae5397a50e) Importer(815301076,1909f56bfc062723c751e8b465ee728b)  -> (artifact id: '89743910340d9cddca9af8f42886c5aa') in 0.019101 seconds 
  Import took 0.028615 seconds .

========================================================================
Received Import Request.
  Time since last request: 0.000687 seconds.
  path: Assets/TWD/FreeButtonSet/Textures/icons/128x128/arrow_left.png
  artifactKey: Guid(d31115fa9cb67004b96bc76f48802b9f) Importer(815301076,1909f56bfc062723c751e8b465ee728b)
Start importing Assets/TWD/FreeButtonSet/Textures/icons/128x128/arrow_left.png using Guid(d31115fa9cb67004b96bc76f48802b9f) Importer(815301076,1909f56bfc062723c751e8b465ee728b)  -> (artifact id: 'af319bca19f76f682816622014a2c4b5') in 0.045059 seconds 
  Import took 0.071237 seconds .

========================================================================
Received Import Request.
  Time since last request: 0.000399 seconds.
  path: Assets/TWD/FreeButtonSet/Textures/icons/256x256/arrow_up.png
  artifactKey: Guid(a1e642ac4188cf544b455c79870d43f6) Importer(815301076,1909f56bfc062723c751e8b465ee728b)
Start importing Assets/TWD/FreeButtonSet/Textures/icons/256x256/arrow_up.png using Guid(a1e642ac4188cf544b455c79870d43f6) Importer(815301076,1909f56bfc062723c751e8b465ee728b)  -> (artifact id: '80a2a07c57c14bcc0c30650b612f7095') in 0.021565 seconds 
  Import took 0.045531 seconds .

========================================================================
Received Import Request.
  Time since last request: 0.000452 seconds.
  path: Assets/TWD/FreeButtonSet/Textures/icons/128x128/arrow_right.png
  artifactKey: Guid(01d7b388e7827ca45a56bd1b632ffde1) Importer(815301076,1909f56bfc062723c751e8b465ee728b)
Start importing Assets/TWD/FreeButtonSet/Textures/icons/128x128/arrow_right.png using Guid(01d7b388e7827ca45a56bd1b632ffde1) Importer(815301076,1909f56bfc062723c751e8b465ee728b)  -> (artifact id: 'e5ef654b5d52a957bb9f21f6dbcc53de') in 0.025253 seconds 
  Import took 0.054080 seconds .

========================================================================
Received Import Request.
  Time since last request: 0.000921 seconds.
  path: Assets/TWD/FreeButtonSet/Textures/icons/64x64/arrow_up.png
  artifactKey: Guid(632776cb97988674c8daa001a86108a1) Importer(815301076,1909f56bfc062723c751e8b465ee728b)
Start importing Assets/TWD/FreeButtonSet/Textures/icons/64x64/arrow_up.png using Guid(632776cb97988674c8daa001a86108a1) Importer(815301076,1909f56bfc062723c751e8b465ee728b)  -> (artifact id: '56584b96a060752a7cc1dbd6a8780e8a') in 0.036972 seconds 
  Import took 0.068140 seconds .

========================================================================
Received Import Request.
  Time since last request: 0.000329 seconds.
  path: Assets/TWD/FreeButtonSet/Textures/icons/256x256/arrow_right.png
  artifactKey: Guid(841ae3188ba4d9746ba4f4ed86597a98) Importer(815301076,1909f56bfc062723c751e8b465ee728b)
Start importing Assets/TWD/FreeButtonSet/Textures/icons/256x256/arrow_right.png using Guid(841ae3188ba4d9746ba4f4ed86597a98) Importer(815301076,1909f56bfc062723c751e8b465ee728b)  -> (artifact id: 'e56a87c7e9abb8d8ab7b0363f2a89def') in 0.025719 seconds 
  Import took 0.032066 seconds .

========================================================================
Received Import Request.
  Time since last request: 0.000399 seconds.
  path: Assets/TWD/FreeButtonSet/Textures/icons/32x32/arrow_down.png
  artifactKey: Guid(ca6ff084116929e41a747403f15f808e) Importer(815301076,1909f56bfc062723c751e8b465ee728b)
Start importing Assets/TWD/FreeButtonSet/Textures/icons/32x32/arrow_down.png using Guid(ca6ff084116929e41a747403f15f808e) Importer(815301076,1909f56bfc062723c751e8b465ee728b)  -> (artifact id: 'ac68d7cc57b9cb94e76d6c5f59a8216b') in 0.027536 seconds 
  Import took 0.034470 seconds .

========================================================================
Received Import Request.
  Time since last request: 0.000327 seconds.
  path: Assets/TWD/FreeButtonSet/Textures/icons/64x64/arrow_right.png
  artifactKey: Guid(8f85d8ce213015144a117d359c69fcbd) Importer(815301076,1909f56bfc062723c751e8b465ee728b)
Start importing Assets/TWD/FreeButtonSet/Textures/icons/64x64/arrow_right.png using Guid(8f85d8ce213015144a117d359c69fcbd) Importer(815301076,1909f56bfc062723c751e8b465ee728b)  -> (artifact id: '6d3fe1822bb10d6207fa84ca68919338') in 0.051015 seconds 
  Import took 0.058665 seconds .

========================================================================
Received Import Request.
  Time since last request: 340.176966 seconds.
  path: Assets/Standard Assets/Vehicles/Car/Audio/DecelerationHigh.wav
  artifactKey: Guid(03bf91d88fce91c41995d27de63cc967) Importer(815301076,1909f56bfc062723c751e8b465ee728b)
Start importing Assets/Standard Assets/Vehicles/Car/Audio/DecelerationHigh.wav using Guid(03bf91d88fce91c41995d27de63cc967) Importer(815301076,1909f56bfc062723c751e8b465ee728b)  -> (artifact id: '340458bf7175c159a341e70575003c1c') in 0.957161 seconds 
  Import took 0.968192 seconds .

========================================================================
Received Import Request.
  Time since last request: 0.005437 seconds.
  path: Assets/Standard Assets/Characters/FirstPersonCharacter/Audio/Footstep01.wav
  artifactKey: Guid(42e65e088b3f4374e851b8dbd38f3df9) Importer(815301076,1909f56bfc062723c751e8b465ee728b)
Start importing Assets/Standard Assets/Characters/FirstPersonCharacter/Audio/Footstep01.wav using Guid(42e65e088b3f4374e851b8dbd38f3df9) Importer(815301076,1909f56bfc062723c751e8b465ee728b)  -> (artifact id: '39709639e695e7cbe1c489b5753924d4') in 0.031530 seconds 
  Import took 0.038074 seconds .

========================================================================
Received Import Request.
  Time since last request: 0.000316 seconds.
  path: Assets/Standard Assets/Vehicles/Aircraft/Audio/PropellerEngine.wav
  artifactKey: Guid(f1fa78c409ee9704598f300b09f6117d) Importer(815301076,1909f56bfc062723c751e8b465ee728b)
Start importing Assets/Standard Assets/Vehicles/Aircraft/Audio/PropellerEngine.wav using Guid(f1fa78c409ee9704598f300b09f6117d) Importer(815301076,1909f56bfc062723c751e8b465ee728b)  -> (artifact id: 'a0f9b07d4cec0c5d9b6a122462fb0eb7') in 0.029400 seconds 
  Import took 0.034992 seconds .

========================================================================
Received Import Request.
  Time since last request: 0.000956 seconds.
  path: Assets/Standard Assets/Vehicles/Car/Audio/DecelerationLow.wav
  artifactKey: Guid(5699dddcce16c4543b95951c4ce0e092) Importer(815301076,1909f56bfc062723c751e8b465ee728b)
Start importing Assets/Standard Assets/Vehicles/Car/Audio/DecelerationLow.wav using Guid(5699dddcce16c4543b95951c4ce0e092) Importer(815301076,1909f56bfc062723c751e8b465ee728b)  -> (artifact id: '6a6a0ae751b7bb9c3b1689d9444622ff') in 0.031542 seconds 
  Import took 0.050999 seconds .

========================================================================
Received Import Request.
  Time since last request: 0.006580 seconds.
  path: Assets/Standard Assets/Characters/FirstPersonCharacter/Audio/Footstep03.wav
  artifactKey: Guid(5a9383dda6cabc047b7a297602e93eb4) Importer(815301076,1909f56bfc062723c751e8b465ee728b)
Start importing Assets/Standard Assets/Characters/FirstPersonCharacter/Audio/Footstep03.wav using Guid(5a9383dda6cabc047b7a297602e93eb4) Importer(815301076,1909f56bfc062723c751e8b465ee728b)  -> (artifact id: '0b1008c6caa8b3840e5e0569f459f5fe') in 0.067258 seconds 
  Import took 0.094898 seconds .

========================================================================
Received Import Request.
  Time since last request: 0.004694 seconds.
  path: Assets/Standard Assets/Vehicles/Car/Audio/Skid.wav
  artifactKey: Guid(bd9566abdbf08834281bfb4ea8b92a5d) Importer(815301076,1909f56bfc062723c751e8b465ee728b)
Start importing Assets/Standard Assets/Vehicles/Car/Audio/Skid.wav using Guid(bd9566abdbf08834281bfb4ea8b92a5d) Importer(815301076,1909f56bfc062723c751e8b465ee728b)  -> (artifact id: 'c402a70cd0ae78541c1a8dac5de60cb7') in 0.068216 seconds 
  Import took 0.074590 seconds .

========================================================================
Received Import Request.
  Time since last request: 0.000400 seconds.
  path: Assets/Standard Assets/Characters/FirstPersonCharacter/Audio/Footstep02.wav
  artifactKey: Guid(8bc94ec6ed537e743b481638bdcd503d) Importer(815301076,1909f56bfc062723c751e8b465ee728b)
Start importing Assets/Standard Assets/Characters/FirstPersonCharacter/Audio/Footstep02.wav using Guid(8bc94ec6ed537e743b481638bdcd503d) Importer(815301076,1909f56bfc062723c751e8b465ee728b)  -> (artifact id: '6c865bc3ece54f4fce97e355caa8b60e') in 0.035900 seconds 
  Import took 0.076773 seconds .

========================================================================
Received Import Request.
  Time since last request: 0.014046 seconds.
  path: Assets/Standard Assets/Characters/FirstPersonCharacter/Audio/Jump.wav
  artifactKey: Guid(5897aeed9b676024fbb8c694b421a861) Importer(815301076,1909f56bfc062723c751e8b465ee728b)
Start importing Assets/Standard Assets/Characters/FirstPersonCharacter/Audio/Jump.wav using Guid(5897aeed9b676024fbb8c694b421a861) Importer(815301076,1909f56bfc062723c751e8b465ee728b)  -> (artifact id: 'c0d31e0ac8c0315dafe0ab42409e3f3d') in 0.046504 seconds 
  Import took 0.052812 seconds .

========================================================================
Received Import Request.
  Time since last request: 0.013564 seconds.
  path: Assets/Standard Assets/Characters/FirstPersonCharacter/Audio/Footstep04.wav
  artifactKey: Guid(e9714160ce34f2b4ab63ff8c27bd68e1) Importer(815301076,1909f56bfc062723c751e8b465ee728b)
Start importing Assets/Standard Assets/Characters/FirstPersonCharacter/Audio/Footstep04.wav using Guid(e9714160ce34f2b4ab63ff8c27bd68e1) Importer(815301076,1909f56bfc062723c751e8b465ee728b)  -> (artifact id: '86ef8b14c79d71a784ae2466f861f703') in 0.037659 seconds 
  Import took 0.045406 seconds .

========================================================================
Received Import Request.
  Time since last request: 0.000485 seconds.
  path: Assets/Standard Assets/Vehicles/Aircraft/Audio/FlightWind.wav
  artifactKey: Guid(38d4d0ff7855e984285fbf430385b2aa) Importer(815301076,1909f56bfc062723c751e8b465ee728b)
Start importing Assets/Standard Assets/Vehicles/Aircraft/Audio/FlightWind.wav using Guid(38d4d0ff7855e984285fbf430385b2aa) Importer(815301076,1909f56bfc062723c751e8b465ee728b)  -> (artifact id: 'b4bcac19097700bdfe2d50e55c1c039b') in 0.081975 seconds 
  Import took 0.089458 seconds .

========================================================================
Received Prepare
Registering precompiled user dll's ...
Registered in 0.035696 seconds.
Begin MonoManager ReloadAssembly
Native extension for OSXStandalone target not found
Refreshing native plugins compatible for Editor in 0.77 ms, found 3 plugins.
Preloading 0 native plugins for Editor in 0.00 ms.
Mono: successfully reloaded assembly
- Completed reload, in  1.818 seconds
Domain Reload Profiling:
	ReloadAssembly (1819ms)
		BeginReloadAssembly (181ms)
			ExecutionOrderSort (0ms)
			DisableScriptedObjects (10ms)
			BackupInstance (0ms)
			ReleaseScriptingObjects (0ms)
			CreateAndSetChildDomain (93ms)
		EndReloadAssembly (1528ms)
			LoadAssemblies (125ms)
			RebuildTransferFunctionScriptingTraits (0ms)
			SetupTypeCache (531ms)
			ReleaseScriptCaches (1ms)
			RebuildScriptCaches (79ms)
			SetupLoadedEditorAssemblies (594ms)
				LogAssemblyErrors (0ms)
				InitializePlatformSupportModulesInManaged (7ms)
				SetLoadedEditorAssemblies (1ms)
				RefreshPlugins (1ms)
				BeforeProcessingInitializeOnLoad (192ms)
				ProcessInitializeOnLoadAttributes (381ms)
				ProcessInitializeOnLoadMethodAttributes (10ms)
				AfterProcessingInitializeOnLoad (2ms)
				EditorAssembliesLoaded (0ms)
			ExecutionOrderSort2 (0ms)
			AwakeInstancesAfterBackupRestoration (17ms)
Platform modules already initialized, skipping
Refreshing native plugins compatible for Editor in 0.70 ms, found 3 plugins.
Preloading 0 native plugins for Editor in 0.00 ms.
Unloading 2192 Unused Serialized files (Serialized files now loaded: 0)
System memory in use before: 223.8 MB.
System memory in use after: 223.5 MB.

Unloading 16 unused Assets to reduce memory usage. Loaded Objects now: 2753.
Total: 6.387467 ms (FindLiveObjects: 0.289814 ms CreateObjectMapping: 0.101286 ms MarkObjects: 5.150851 ms  DeleteObjects: 0.843600 ms)

AssetImportParameters requested are different than current active one (requested -> active):
  custom:video-decoder-ogg-theora: a1e56fd34408186e4bbccfd4996cb3dc -> 
  custom:container-muxer-webm: aa71ff27fc2769a1b78a27578f13a17b -> 
  custom:container-demuxer-webm: 4f35f7cbe854078d1ac9338744f61a02 -> 
  custom:container-demuxer-ogg: 62fdf1f143b41e24485cea50d1cbac27 -> 
  custom:video-encoder-webm-vp8: eb34c28f22e8b96e1ab97ce403110664 -> 
  custom:framework-osx-AVFoundation: b23960f63f64bdc6ff669e2cdcee2391 -> 
  custom:video-decoder-webm-vp8: 9c59270c3fd7afecdb556c50c9e8de78 -> 
  custom:audio-decoder-ogg-vorbis: bf7c407c2cedff20999df2af8eb42d56 -> 
  custom:audio-encoder-webm-vorbis: bf7c407c2cedff20999df2af8eb42d56 -> 
========================================================================
Received Prepare
Registering precompiled user dll's ...
Registered in 0.001853 seconds.
Begin MonoManager ReloadAssembly
Native extension for OSXStandalone target not found
Refreshing native plugins compatible for Editor in 0.75 ms, found 3 plugins.
Preloading 0 native plugins for Editor in 0.00 ms.
Mono: successfully reloaded assembly
- Completed reload, in  1.806 seconds
Domain Reload Profiling:
	ReloadAssembly (1806ms)
		BeginReloadAssembly (243ms)
			ExecutionOrderSort (0ms)
			DisableScriptedObjects (10ms)
			BackupInstance (0ms)
			ReleaseScriptingObjects (0ms)
			CreateAndSetChildDomain (114ms)
		EndReloadAssembly (1403ms)
			LoadAssemblies (145ms)
			RebuildTransferFunctionScriptingTraits (0ms)
			SetupTypeCache (501ms)
			ReleaseScriptCaches (1ms)
			RebuildScriptCaches (75ms)
			SetupLoadedEditorAssemblies (525ms)
				LogAssemblyErrors (0ms)
				InitializePlatformSupportModulesInManaged (7ms)
				SetLoadedEditorAssemblies (1ms)
				RefreshPlugins (1ms)
				BeforeProcessingInitializeOnLoad (181ms)
				ProcessInitializeOnLoadAttributes (322ms)
				ProcessInitializeOnLoadMethodAttributes (9ms)
				AfterProcessingInitializeOnLoad (2ms)
				EditorAssembliesLoaded (0ms)
			ExecutionOrderSort2 (0ms)
			AwakeInstancesAfterBackupRestoration (18ms)
Platform modules already initialized, skipping
Refreshing native plugins compatible for Editor in 0.79 ms, found 3 plugins.
Preloading 0 native plugins for Editor in 0.00 ms.
Unloading 2192 Unused Serialized files (Serialized files now loaded: 0)
System memory in use before: 224.2 MB.
System memory in use after: 224.0 MB.

Unloading 16 unused Assets to reduce memory usage. Loaded Objects now: 2756.
Total: 4.675946 ms (FindLiveObjects: 0.314317 ms CreateObjectMapping: 0.112363 ms MarkObjects: 3.695295 ms  DeleteObjects: 0.552445 ms)

AssetImportParameters requested are different than current active one (requested -> active):
  custom:video-decoder-ogg-theora: a1e56fd34408186e4bbccfd4996cb3dc -> 
  custom:container-muxer-webm: aa71ff27fc2769a1b78a27578f13a17b -> 
  custom:container-demuxer-webm: 4f35f7cbe854078d1ac9338744f61a02 -> 
  custom:container-demuxer-ogg: 62fdf1f143b41e24485cea50d1cbac27 -> 
  custom:video-encoder-webm-vp8: eb34c28f22e8b96e1ab97ce403110664 -> 
  custom:framework-osx-AVFoundation: b23960f63f64bdc6ff669e2cdcee2391 -> 
  custom:video-decoder-webm-vp8: 9c59270c3fd7afecdb556c50c9e8de78 -> 
  custom:audio-decoder-ogg-vorbis: bf7c407c2cedff20999df2af8eb42d56 -> 
  custom:audio-encoder-webm-vorbis: bf7c407c2cedff20999df2af8eb42d56 -> 
========================================================================
Received Prepare
Registering precompiled user dll's ...
Registered in 0.271254 seconds.
Begin MonoManager ReloadAssembly
Native extension for OSXStandalone target not found
Refreshing native plugins compatible for Editor in 0.67 ms, found 3 plugins.
Preloading 0 native plugins for Editor in 0.00 ms.
Mono: successfully reloaded assembly
- Completed reload, in  6.053 seconds
Domain Reload Profiling:
	ReloadAssembly (6218ms)
		BeginReloadAssembly (1941ms)
			ExecutionOrderSort (0ms)
			DisableScriptedObjects (12ms)
			BackupInstance (0ms)
			ReleaseScriptingObjects (0ms)
			CreateAndSetChildDomain (102ms)
		EndReloadAssembly (4172ms)
			LoadAssemblies (2477ms)
			RebuildTransferFunctionScriptingTraits (0ms)
			SetupTypeCache (720ms)
			ReleaseScriptCaches (1ms)
			RebuildScriptCaches (123ms)
			SetupLoadedEditorAssemblies (630ms)
				LogAssemblyErrors (0ms)
				InitializePlatformSupportModulesInManaged (7ms)
				SetLoadedEditorAssemblies (1ms)
				RefreshPlugins (1ms)
				BeforeProcessingInitializeOnLoad (190ms)
				ProcessInitializeOnLoadAttributes (420ms)
				ProcessInitializeOnLoadMethodAttributes (9ms)
				AfterProcessingInitializeOnLoad (2ms)
				EditorAssembliesLoaded (0ms)
			ExecutionOrderSort2 (0ms)
			AwakeInstancesAfterBackupRestoration (19ms)
Platform modules already initialized, skipping
Refreshing native plugins compatible for Editor in 0.73 ms, found 3 plugins.
Preloading 0 native plugins for Editor in 0.00 ms.
Unloading 2192 Unused Serialized files (Serialized files now loaded: 0)
System memory in use before: 224.6 MB.
System memory in use after: 224.3 MB.

Unloading 16 unused Assets to reduce memory usage. Loaded Objects now: 2759.
Total: 4.484619 ms (FindLiveObjects: 0.281121 ms CreateObjectMapping: 0.095161 ms MarkObjects: 3.542378 ms  DeleteObjects: 0.564513 ms)

AssetImportParameters requested are different than current active one (requested -> active):
  custom:video-decoder-ogg-theora: a1e56fd34408186e4bbccfd4996cb3dc -> 
  custom:container-muxer-webm: aa71ff27fc2769a1b78a27578f13a17b -> 
  custom:container-demuxer-webm: 4f35f7cbe854078d1ac9338744f61a02 -> 
  custom:container-demuxer-ogg: 62fdf1f143b41e24485cea50d1cbac27 -> 
  custom:video-encoder-webm-vp8: eb34c28f22e8b96e1ab97ce403110664 -> 
  custom:framework-osx-AVFoundation: b23960f63f64bdc6ff669e2cdcee2391 -> 
  custom:video-decoder-webm-vp8: 9c59270c3fd7afecdb556c50c9e8de78 -> 
  custom:audio-decoder-ogg-vorbis: bf7c407c2cedff20999df2af8eb42d56 -> 
  custom:audio-encoder-webm-vorbis: bf7c407c2cedff20999df2af8eb42d56 -> 
